2020-11-23 10:13:03,139 - ************************************************************** 
2020-11-23 10:13:03,139 - Starting Jakarta Velocity v1.4
2020-11-23 10:13:03,139 - RuntimeInstance initializing.
2020-11-23 10:13:03,139 - Default Properties File: org\apache\velocity\runtime\defaults\velocity.properties
2020-11-23 10:13:03,140 - Trying to use logger class org.apache.velocity.runtime.log.SimpleLog4JLogSystem
2020-11-23 10:13:03,140 - Using logger class org.apache.velocity.runtime.log.SimpleLog4JLogSystem
2020-11-23 10:13:03,143 - Default ResourceManager initializing. (class org.apache.velocity.runtime.resource.ResourceManagerImpl)
2020-11-23 10:13:03,145 - Resource Loader Instantiated: org.apache.velocity.runtime.resource.loader.ClasspathResourceLoader
2020-11-23 10:13:03,146 - ClasspathResourceLoader : initialization starting.
2020-11-23 10:13:03,146 - ClasspathResourceLoader : initialization complete.
2020-11-23 10:13:03,147 - ResourceCache : initialized. (class org.apache.velocity.runtime.resource.ResourceCacheImpl)
2020-11-23 10:13:03,147 - Default ResourceManager initialization complete.
2020-11-23 10:13:03,149 - Loaded System Directive: org.apache.velocity.runtime.directive.Literal
2020-11-23 10:13:03,151 - Loaded System Directive: org.apache.velocity.runtime.directive.Macro
2020-11-23 10:13:03,155 - Loaded System Directive: org.apache.velocity.runtime.directive.Parse
2020-11-23 10:13:03,156 - Loaded System Directive: org.apache.velocity.runtime.directive.Include
2020-11-23 10:13:03,157 - Loaded System Directive: org.apache.velocity.runtime.directive.Foreach
2020-11-23 10:13:03,181 - Created: 20 parsers.
2020-11-23 10:13:03,187 - Velocimacro : initialization starting.
2020-11-23 10:13:03,187 - Velocimacro : adding VMs from VM library template : VM_global_library.vm
2020-11-23 10:13:03,190 - ResourceManager : unable to find resource 'VM_global_library.vm' in any resource loader.
2020-11-23 10:13:03,190 - Velocimacro : error using  VM library template VM_global_library.vm : org.apache.velocity.exception.ResourceNotFoundException: Unable to find resource 'VM_global_library.vm'
2020-11-23 10:13:03,190 - Velocimacro :  VM library template macro registration complete.
2020-11-23 10:13:03,190 - Velocimacro : allowInline = true : VMs can be defined inline in templates
2020-11-23 10:13:03,190 - Velocimacro : allowInlineToOverride = false : VMs defined inline may NOT replace previous VM definitions
2020-11-23 10:13:03,190 - Velocimacro : allowInlineLocal = false : VMs defined inline will be  global in scope if allowed.
2020-11-23 10:13:03,190 - Velocimacro : messages on  : VM system will output logging messages
2020-11-23 10:13:03,190 - Velocimacro : autoload off  : VM system will not automatically reload global library macros
2020-11-23 10:13:03,190 - Velocimacro : initialization complete.
2020-11-23 10:13:03,190 - Velocity successfully started.
2020-11-23 10:14:27,665 - ResourceManager : found repast/simphony/parameter/parameters.vt with loader org.apache.velocity.runtime.resource.loader.ClasspathResourceLoader
2020-11-23 10:21:06,388 - ResourceManager : found repast/simphony/parameter/parameters.vt with loader org.apache.velocity.runtime.resource.loader.ClasspathResourceLoader
2020-11-23 10:22:55,986 - ResourceManager : found repast/simphony/parameter/parameters.vt with loader org.apache.velocity.runtime.resource.loader.ClasspathResourceLoader
2020-11-23 10:24:35,050 - ResourceManager : found repast/simphony/parameter/parameters.vt with loader org.apache.velocity.runtime.resource.loader.ClasspathResourceLoader
2020-11-23 10:25:22,504 - SimpleLog4JLogSystem initialized using logfile 'velocity.log'
2020-11-23 10:25:22,504 - ************************************************************** 
2020-11-23 10:25:22,504 - Starting Jakarta Velocity v1.4
2020-11-23 10:25:22,504 - RuntimeInstance initializing.
2020-11-23 10:25:22,504 - Default Properties File: org\apache\velocity\runtime\defaults\velocity.properties
2020-11-23 10:25:22,504 - Trying to use logger class org.apache.velocity.runtime.log.SimpleLog4JLogSystem
2020-11-23 10:25:22,504 - Using logger class org.apache.velocity.runtime.log.SimpleLog4JLogSystem
2020-11-23 10:25:22,506 - Default ResourceManager initializing. (class org.apache.velocity.runtime.resource.ResourceManagerImpl)
2020-11-23 10:25:22,508 - Resource Loader Instantiated: org.apache.velocity.runtime.resource.loader.ClasspathResourceLoader
2020-11-23 10:25:22,508 - ClasspathResourceLoader : initialization starting.
2020-11-23 10:25:22,508 - ClasspathResourceLoader : initialization complete.
2020-11-23 10:25:22,509 - ResourceCache : initialized. (class org.apache.velocity.runtime.resource.ResourceCacheImpl)
2020-11-23 10:25:22,509 - Default ResourceManager initialization complete.
2020-11-23 10:25:22,511 - Loaded System Directive: org.apache.velocity.runtime.directive.Literal
2020-11-23 10:25:22,513 - Loaded System Directive: org.apache.velocity.runtime.directive.Macro
2020-11-23 10:25:22,515 - Loaded System Directive: org.apache.velocity.runtime.directive.Parse
2020-11-23 10:25:22,517 - Loaded System Directive: org.apache.velocity.runtime.directive.Include
2020-11-23 10:25:22,518 - Loaded System Directive: org.apache.velocity.runtime.directive.Foreach
2020-11-23 10:25:22,537 - Created: 20 parsers.
2020-11-23 10:25:22,542 - Velocimacro : initialization starting.
2020-11-23 10:25:22,542 - Velocimacro : adding VMs from VM library template : VM_global_library.vm
2020-11-23 10:25:22,545 - ResourceManager : unable to find resource 'VM_global_library.vm' in any resource loader.
2020-11-23 10:25:22,546 - Velocimacro : error using  VM library template VM_global_library.vm : org.apache.velocity.exception.ResourceNotFoundException: Unable to find resource 'VM_global_library.vm'
2020-11-23 10:25:22,546 - Velocimacro :  VM library template macro registration complete.
2020-11-23 10:25:22,546 - Velocimacro : allowInline = true : VMs can be defined inline in templates
2020-11-23 10:25:22,546 - Velocimacro : allowInlineToOverride = false : VMs defined inline may NOT replace previous VM definitions
2020-11-23 10:25:22,546 - Velocimacro : allowInlineLocal = false : VMs defined inline will be  global in scope if allowed.
2020-11-23 10:25:22,546 - Velocimacro : messages on  : VM system will output logging messages
2020-11-23 10:25:22,546 - Velocimacro : autoload off  : VM system will not automatically reload global library macros
2020-11-23 10:25:22,546 - Velocimacro : initialization complete.
2020-11-23 10:25:22,546 - Velocity successfully started.
2020-11-23 10:26:05,603 - SimpleLog4JLogSystem initialized using logfile 'velocity.log'
2020-11-23 10:26:05,604 - ************************************************************** 
2020-11-23 10:26:05,604 - Starting Jakarta Velocity v1.4
2020-11-23 10:26:05,604 - RuntimeInstance initializing.
2020-11-23 10:26:05,604 - Default Properties File: org\apache\velocity\runtime\defaults\velocity.properties
2020-11-23 10:26:05,604 - Trying to use logger class org.apache.velocity.runtime.log.SimpleLog4JLogSystem
2020-11-23 10:26:05,604 - Using logger class org.apache.velocity.runtime.log.SimpleLog4JLogSystem
2020-11-23 10:26:05,606 - Default ResourceManager initializing. (class org.apache.velocity.runtime.resource.ResourceManagerImpl)
2020-11-23 10:26:05,608 - Resource Loader Instantiated: org.apache.velocity.runtime.resource.loader.ClasspathResourceLoader
2020-11-23 10:26:05,608 - ClasspathResourceLoader : initialization starting.
2020-11-23 10:26:05,608 - ClasspathResourceLoader : initialization complete.
2020-11-23 10:26:05,609 - ResourceCache : initialized. (class org.apache.velocity.runtime.resource.ResourceCacheImpl)
2020-11-23 10:26:05,609 - Default ResourceManager initialization complete.
2020-11-23 10:26:05,610 - Loaded System Directive: org.apache.velocity.runtime.directive.Literal
2020-11-23 10:26:05,611 - Loaded System Directive: org.apache.velocity.runtime.directive.Macro
2020-11-23 10:26:05,613 - Loaded System Directive: org.apache.velocity.runtime.directive.Parse
2020-11-23 10:26:05,614 - Loaded System Directive: org.apache.velocity.runtime.directive.Include
2020-11-23 10:26:05,615 - Loaded System Directive: org.apache.velocity.runtime.directive.Foreach
2020-11-23 10:26:05,634 - Created: 20 parsers.
2020-11-23 10:26:05,640 - Velocimacro : initialization starting.
2020-11-23 10:26:05,640 - Velocimacro : adding VMs from VM library template : VM_global_library.vm
2020-11-23 10:26:05,643 - ResourceManager : unable to find resource 'VM_global_library.vm' in any resource loader.
2020-11-23 10:26:05,643 - Velocimacro : error using  VM library template VM_global_library.vm : org.apache.velocity.exception.ResourceNotFoundException: Unable to find resource 'VM_global_library.vm'
2020-11-23 10:26:05,643 - Velocimacro :  VM library template macro registration complete.
2020-11-23 10:26:05,643 - Velocimacro : allowInline = true : VMs can be defined inline in templates
2020-11-23 10:26:05,643 - Velocimacro : allowInlineToOverride = false : VMs defined inline may NOT replace previous VM definitions
2020-11-23 10:26:05,643 - Velocimacro : allowInlineLocal = false : VMs defined inline will be  global in scope if allowed.
2020-11-23 10:26:05,643 - Velocimacro : messages on  : VM system will output logging messages
2020-11-23 10:26:05,643 - Velocimacro : autoload off  : VM system will not automatically reload global library macros
2020-11-23 10:26:05,643 - Velocimacro : initialization complete.
2020-11-23 10:26:05,643 - Velocity successfully started.
2020-11-23 10:27:19,993 - SimpleLog4JLogSystem initialized using logfile 'velocity.log'
2020-11-23 10:27:19,994 - ************************************************************** 
2020-11-23 10:27:19,994 - Starting Jakarta Velocity v1.4
2020-11-23 10:27:19,994 - RuntimeInstance initializing.
2020-11-23 10:27:19,994 - Default Properties File: org\apache\velocity\runtime\defaults\velocity.properties
2020-11-23 10:27:19,994 - Trying to use logger class org.apache.velocity.runtime.log.SimpleLog4JLogSystem
2020-11-23 10:27:19,994 - Using logger class org.apache.velocity.runtime.log.SimpleLog4JLogSystem
2020-11-23 10:27:19,997 - Default ResourceManager initializing. (class org.apache.velocity.runtime.resource.ResourceManagerImpl)
2020-11-23 10:27:20,000 - Resource Loader Instantiated: org.apache.velocity.runtime.resource.loader.ClasspathResourceLoader
2020-11-23 10:27:20,000 - ClasspathResourceLoader : initialization starting.
2020-11-23 10:27:20,000 - ClasspathResourceLoader : initialization complete.
2020-11-23 10:27:20,001 - ResourceCache : initialized. (class org.apache.velocity.runtime.resource.ResourceCacheImpl)
2020-11-23 10:27:20,001 - Default ResourceManager initialization complete.
2020-11-23 10:27:20,003 - Loaded System Directive: org.apache.velocity.runtime.directive.Literal
2020-11-23 10:27:20,005 - Loaded System Directive: org.apache.velocity.runtime.directive.Macro
2020-11-23 10:27:20,008 - Loaded System Directive: org.apache.velocity.runtime.directive.Parse
2020-11-23 10:27:20,010 - Loaded System Directive: org.apache.velocity.runtime.directive.Include
2020-11-23 10:27:20,011 - Loaded System Directive: org.apache.velocity.runtime.directive.Foreach
2020-11-23 10:27:20,036 - Created: 20 parsers.
2020-11-23 10:27:20,041 - Velocimacro : initialization starting.
2020-11-23 10:27:20,041 - Velocimacro : adding VMs from VM library template : VM_global_library.vm
2020-11-23 10:27:20,043 - ResourceManager : unable to find resource 'VM_global_library.vm' in any resource loader.
2020-11-23 10:27:20,043 - Velocimacro : error using  VM library template VM_global_library.vm : org.apache.velocity.exception.ResourceNotFoundException: Unable to find resource 'VM_global_library.vm'
2020-11-23 10:27:20,044 - Velocimacro :  VM library template macro registration complete.
2020-11-23 10:27:20,044 - Velocimacro : allowInline = true : VMs can be defined inline in templates
2020-11-23 10:27:20,044 - Velocimacro : allowInlineToOverride = false : VMs defined inline may NOT replace previous VM definitions
2020-11-23 10:27:20,044 - Velocimacro : allowInlineLocal = false : VMs defined inline will be  global in scope if allowed.
2020-11-23 10:27:20,044 - Velocimacro : messages on  : VM system will output logging messages
2020-11-23 10:27:20,044 - Velocimacro : autoload off  : VM system will not automatically reload global library macros
2020-11-23 10:27:20,044 - Velocimacro : initialization complete.
2020-11-23 10:27:20,044 - Velocity successfully started.
2020-11-23 10:29:49,146 - SimpleLog4JLogSystem initialized using logfile 'velocity.log'
2020-11-23 10:29:49,147 - ************************************************************** 
2020-11-23 10:29:49,147 - Starting Jakarta Velocity v1.4
2020-11-23 10:29:49,147 - RuntimeInstance initializing.
2020-11-23 10:29:49,147 - Default Properties File: org\apache\velocity\runtime\defaults\velocity.properties
2020-11-23 10:29:49,147 - Trying to use logger class org.apache.velocity.runtime.log.SimpleLog4JLogSystem
2020-11-23 10:29:49,147 - Using logger class org.apache.velocity.runtime.log.SimpleLog4JLogSystem
2020-11-23 10:29:49,149 - Default ResourceManager initializing. (class org.apache.velocity.runtime.resource.ResourceManagerImpl)
2020-11-23 10:29:49,152 - Resource Loader Instantiated: org.apache.velocity.runtime.resource.loader.ClasspathResourceLoader
2020-11-23 10:29:49,152 - ClasspathResourceLoader : initialization starting.
2020-11-23 10:29:49,152 - ClasspathResourceLoader : initialization complete.
2020-11-23 10:29:49,153 - ResourceCache : initialized. (class org.apache.velocity.runtime.resource.ResourceCacheImpl)
2020-11-23 10:29:49,153 - Default ResourceManager initialization complete.
2020-11-23 10:29:49,155 - Loaded System Directive: org.apache.velocity.runtime.directive.Literal
2020-11-23 10:29:49,156 - Loaded System Directive: org.apache.velocity.runtime.directive.Macro
2020-11-23 10:29:49,158 - Loaded System Directive: org.apache.velocity.runtime.directive.Parse
2020-11-23 10:29:49,159 - Loaded System Directive: org.apache.velocity.runtime.directive.Include
2020-11-23 10:29:49,160 - Loaded System Directive: org.apache.velocity.runtime.directive.Foreach
2020-11-23 10:29:49,181 - Created: 20 parsers.
2020-11-23 10:29:49,186 - Velocimacro : initialization starting.
2020-11-23 10:29:49,186 - Velocimacro : adding VMs from VM library template : VM_global_library.vm
2020-11-23 10:29:49,189 - ResourceManager : unable to find resource 'VM_global_library.vm' in any resource loader.
2020-11-23 10:29:49,189 - Velocimacro : error using  VM library template VM_global_library.vm : org.apache.velocity.exception.ResourceNotFoundException: Unable to find resource 'VM_global_library.vm'
2020-11-23 10:29:49,189 - Velocimacro :  VM library template macro registration complete.
2020-11-23 10:29:49,189 - Velocimacro : allowInline = true : VMs can be defined inline in templates
2020-11-23 10:29:49,189 - Velocimacro : allowInlineToOverride = false : VMs defined inline may NOT replace previous VM definitions
2020-11-23 10:29:49,189 - Velocimacro : allowInlineLocal = false : VMs defined inline will be  global in scope if allowed.
2020-11-23 10:29:49,189 - Velocimacro : messages on  : VM system will output logging messages
2020-11-23 10:29:49,189 - Velocimacro : autoload off  : VM system will not automatically reload global library macros
2020-11-23 10:29:49,189 - Velocimacro : initialization complete.
2020-11-23 10:29:49,189 - Velocity successfully started.
2020-11-23 10:30:31,329 - SimpleLog4JLogSystem initialized using logfile 'velocity.log'
2020-11-23 10:30:31,330 - ************************************************************** 
2020-11-23 10:30:31,330 - Starting Jakarta Velocity v1.4
2020-11-23 10:30:31,330 - RuntimeInstance initializing.
2020-11-23 10:30:31,330 - Default Properties File: org\apache\velocity\runtime\defaults\velocity.properties
2020-11-23 10:30:31,330 - Trying to use logger class org.apache.velocity.runtime.log.SimpleLog4JLogSystem
2020-11-23 10:30:31,330 - Using logger class org.apache.velocity.runtime.log.SimpleLog4JLogSystem
2020-11-23 10:30:31,332 - Default ResourceManager initializing. (class org.apache.velocity.runtime.resource.ResourceManagerImpl)
2020-11-23 10:30:31,334 - Resource Loader Instantiated: org.apache.velocity.runtime.resource.loader.ClasspathResourceLoader
2020-11-23 10:30:31,334 - ClasspathResourceLoader : initialization starting.
2020-11-23 10:30:31,334 - ClasspathResourceLoader : initialization complete.
2020-11-23 10:30:31,335 - ResourceCache : initialized. (class org.apache.velocity.runtime.resource.ResourceCacheImpl)
2020-11-23 10:30:31,336 - Default ResourceManager initialization complete.
2020-11-23 10:30:31,337 - Loaded System Directive: org.apache.velocity.runtime.directive.Literal
2020-11-23 10:30:31,339 - Loaded System Directive: org.apache.velocity.runtime.directive.Macro
2020-11-23 10:30:31,341 - Loaded System Directive: org.apache.velocity.runtime.directive.Parse
2020-11-23 10:30:31,343 - Loaded System Directive: org.apache.velocity.runtime.directive.Include
2020-11-23 10:30:31,344 - Loaded System Directive: org.apache.velocity.runtime.directive.Foreach
2020-11-23 10:30:31,369 - Created: 20 parsers.
2020-11-23 10:30:31,375 - Velocimacro : initialization starting.
2020-11-23 10:30:31,375 - Velocimacro : adding VMs from VM library template : VM_global_library.vm
2020-11-23 10:30:31,378 - ResourceManager : unable to find resource 'VM_global_library.vm' in any resource loader.
2020-11-23 10:30:31,379 - Velocimacro : error using  VM library template VM_global_library.vm : org.apache.velocity.exception.ResourceNotFoundException: Unable to find resource 'VM_global_library.vm'
2020-11-23 10:30:31,379 - Velocimacro :  VM library template macro registration complete.
2020-11-23 10:30:31,379 - Velocimacro : allowInline = true : VMs can be defined inline in templates
2020-11-23 10:30:31,379 - Velocimacro : allowInlineToOverride = false : VMs defined inline may NOT replace previous VM definitions
2020-11-23 10:30:31,379 - Velocimacro : allowInlineLocal = false : VMs defined inline will be  global in scope if allowed.
2020-11-23 10:30:31,379 - Velocimacro : messages on  : VM system will output logging messages
2020-11-23 10:30:31,379 - Velocimacro : autoload off  : VM system will not automatically reload global library macros
2020-11-23 10:30:31,379 - Velocimacro : initialization complete.
2020-11-23 10:30:31,379 - Velocity successfully started.
2020-11-23 10:53:50,507 - SimpleLog4JLogSystem initialized using logfile 'velocity.log'
2020-11-23 10:53:50,507 - ************************************************************** 
2020-11-23 10:53:50,507 - Starting Jakarta Velocity v1.4
2020-11-23 10:53:50,507 - RuntimeInstance initializing.
2020-11-23 10:53:50,507 - Default Properties File: org\apache\velocity\runtime\defaults\velocity.properties
2020-11-23 10:53:50,507 - Trying to use logger class org.apache.velocity.runtime.log.SimpleLog4JLogSystem
2020-11-23 10:53:50,507 - Using logger class org.apache.velocity.runtime.log.SimpleLog4JLogSystem
2020-11-23 10:53:50,509 - Default ResourceManager initializing. (class org.apache.velocity.runtime.resource.ResourceManagerImpl)
2020-11-23 10:53:50,511 - Resource Loader Instantiated: org.apache.velocity.runtime.resource.loader.ClasspathResourceLoader
2020-11-23 10:53:50,512 - ClasspathResourceLoader : initialization starting.
2020-11-23 10:53:50,512 - ClasspathResourceLoader : initialization complete.
2020-11-23 10:53:50,513 - ResourceCache : initialized. (class org.apache.velocity.runtime.resource.ResourceCacheImpl)
2020-11-23 10:53:50,513 - Default ResourceManager initialization complete.
2020-11-23 10:53:50,515 - Loaded System Directive: org.apache.velocity.runtime.directive.Literal
2020-11-23 10:53:50,516 - Loaded System Directive: org.apache.velocity.runtime.directive.Macro
2020-11-23 10:53:50,518 - Loaded System Directive: org.apache.velocity.runtime.directive.Parse
2020-11-23 10:53:50,520 - Loaded System Directive: org.apache.velocity.runtime.directive.Include
2020-11-23 10:53:50,520 - Loaded System Directive: org.apache.velocity.runtime.directive.Foreach
2020-11-23 10:53:50,538 - Created: 20 parsers.
2020-11-23 10:53:50,543 - Velocimacro : initialization starting.
2020-11-23 10:53:50,543 - Velocimacro : adding VMs from VM library template : VM_global_library.vm
2020-11-23 10:53:50,546 - ResourceManager : unable to find resource 'VM_global_library.vm' in any resource loader.
2020-11-23 10:53:50,546 - Velocimacro : error using  VM library template VM_global_library.vm : org.apache.velocity.exception.ResourceNotFoundException: Unable to find resource 'VM_global_library.vm'
2020-11-23 10:53:50,546 - Velocimacro :  VM library template macro registration complete.
2020-11-23 10:53:50,546 - Velocimacro : allowInline = true : VMs can be defined inline in templates
2020-11-23 10:53:50,546 - Velocimacro : allowInlineToOverride = false : VMs defined inline may NOT replace previous VM definitions
2020-11-23 10:53:50,546 - Velocimacro : allowInlineLocal = false : VMs defined inline will be  global in scope if allowed.
2020-11-23 10:53:50,546 - Velocimacro : messages on  : VM system will output logging messages
2020-11-23 10:53:50,546 - Velocimacro : autoload off  : VM system will not automatically reload global library macros
2020-11-23 10:53:50,546 - Velocimacro : initialization complete.
2020-11-23 10:53:50,546 - Velocity successfully started.
2020-11-23 10:54:17,149 - ResourceManager : found repast/simphony/parameter/parameters.vt with loader org.apache.velocity.runtime.resource.loader.ClasspathResourceLoader
2020-11-23 10:54:38,457 - ResourceManager : found repast/simphony/parameter/parameters.vt with loader org.apache.velocity.runtime.resource.loader.ClasspathResourceLoader
2020-11-23 10:55:06,388 - ResourceManager : found repast/simphony/parameter/parameters.vt with loader org.apache.velocity.runtime.resource.loader.ClasspathResourceLoader
2020-11-23 10:55:21,359 - ResourceManager : found repast/simphony/parameter/parameters.vt with loader org.apache.velocity.runtime.resource.loader.ClasspathResourceLoader
2020-11-23 10:55:30,074 - ResourceManager : found repast/simphony/parameter/parameters.vt with loader org.apache.velocity.runtime.resource.loader.ClasspathResourceLoader
2020-11-28 14:23:18,250 - SimpleLog4JLogSystem initialized using logfile 'velocity.log'
2020-11-28 14:23:18,251 - ************************************************************** 
2020-11-28 14:23:18,251 - Starting Jakarta Velocity v1.4
2020-11-28 14:23:18,251 - RuntimeInstance initializing.
2020-11-28 14:23:18,251 - Default Properties File: org\apache\velocity\runtime\defaults\velocity.properties
2020-11-28 14:23:18,251 - Trying to use logger class org.apache.velocity.runtime.log.SimpleLog4JLogSystem
2020-11-28 14:23:18,251 - Using logger class org.apache.velocity.runtime.log.SimpleLog4JLogSystem
2020-11-28 14:23:18,253 - Default ResourceManager initializing. (class org.apache.velocity.runtime.resource.ResourceManagerImpl)
2020-11-28 14:23:18,256 - Resource Loader Instantiated: org.apache.velocity.runtime.resource.loader.ClasspathResourceLoader
2020-11-28 14:23:18,256 - ClasspathResourceLoader : initialization starting.
2020-11-28 14:23:18,256 - ClasspathResourceLoader : initialization complete.
2020-11-28 14:23:18,258 - ResourceCache : initialized. (class org.apache.velocity.runtime.resource.ResourceCacheImpl)
2020-11-28 14:23:18,258 - Default ResourceManager initialization complete.
2020-11-28 14:23:18,260 - Loaded System Directive: org.apache.velocity.runtime.directive.Literal
2020-11-28 14:23:18,262 - Loaded System Directive: org.apache.velocity.runtime.directive.Macro
2020-11-28 14:23:18,264 - Loaded System Directive: org.apache.velocity.runtime.directive.Parse
2020-11-28 14:23:18,266 - Loaded System Directive: org.apache.velocity.runtime.directive.Include
2020-11-28 14:23:18,267 - Loaded System Directive: org.apache.velocity.runtime.directive.Foreach
2020-11-28 14:23:18,291 - Created: 20 parsers.
2020-11-28 14:23:18,296 - Velocimacro : initialization starting.
2020-11-28 14:23:18,296 - Velocimacro : adding VMs from VM library template : VM_global_library.vm
2020-11-28 14:23:18,298 - ResourceManager : unable to find resource 'VM_global_library.vm' in any resource loader.
2020-11-28 14:23:18,298 - Velocimacro : error using  VM library template VM_global_library.vm : org.apache.velocity.exception.ResourceNotFoundException: Unable to find resource 'VM_global_library.vm'
2020-11-28 14:23:18,298 - Velocimacro :  VM library template macro registration complete.
2020-11-28 14:23:18,298 - Velocimacro : allowInline = true : VMs can be defined inline in templates
2020-11-28 14:23:18,298 - Velocimacro : allowInlineToOverride = false : VMs defined inline may NOT replace previous VM definitions
2020-11-28 14:23:18,298 - Velocimacro : allowInlineLocal = false : VMs defined inline will be  global in scope if allowed.
2020-11-28 14:23:18,298 - Velocimacro : messages on  : VM system will output logging messages
2020-11-28 14:23:18,298 - Velocimacro : autoload off  : VM system will not automatically reload global library macros
2020-11-28 14:23:18,298 - Velocimacro : initialization complete.
2020-11-28 14:23:18,298 - Velocity successfully started.
2020-11-28 14:24:47,259 - ResourceManager : found repast/simphony/parameter/parameters.vt with loader org.apache.velocity.runtime.resource.loader.ClasspathResourceLoader
2020-11-28 14:29:27,791 - SimpleLog4JLogSystem initialized using logfile 'velocity.log'
2020-11-28 14:29:27,791 - ************************************************************** 
2020-11-28 14:29:27,791 - Starting Jakarta Velocity v1.4
2020-11-28 14:29:27,791 - RuntimeInstance initializing.
2020-11-28 14:29:27,792 - Default Properties File: org\apache\velocity\runtime\defaults\velocity.properties
2020-11-28 14:29:27,792 - Trying to use logger class org.apache.velocity.runtime.log.SimpleLog4JLogSystem
2020-11-28 14:29:27,792 - Using logger class org.apache.velocity.runtime.log.SimpleLog4JLogSystem
2020-11-28 14:29:27,794 - Default ResourceManager initializing. (class org.apache.velocity.runtime.resource.ResourceManagerImpl)
2020-11-28 14:29:27,796 - Resource Loader Instantiated: org.apache.velocity.runtime.resource.loader.ClasspathResourceLoader
2020-11-28 14:29:27,796 - ClasspathResourceLoader : initialization starting.
2020-11-28 14:29:27,796 - ClasspathResourceLoader : initialization complete.
2020-11-28 14:29:27,797 - ResourceCache : initialized. (class org.apache.velocity.runtime.resource.ResourceCacheImpl)
2020-11-28 14:29:27,797 - Default ResourceManager initialization complete.
2020-11-28 14:29:27,798 - Loaded System Directive: org.apache.velocity.runtime.directive.Literal
2020-11-28 14:29:27,799 - Loaded System Directive: org.apache.velocity.runtime.directive.Macro
2020-11-28 14:29:27,801 - Loaded System Directive: org.apache.velocity.runtime.directive.Parse
2020-11-28 14:29:27,802 - Loaded System Directive: org.apache.velocity.runtime.directive.Include
2020-11-28 14:29:27,803 - Loaded System Directive: org.apache.velocity.runtime.directive.Foreach
2020-11-28 14:29:27,822 - Created: 20 parsers.
2020-11-28 14:29:27,828 - Velocimacro : initialization starting.
2020-11-28 14:29:27,828 - Velocimacro : adding VMs from VM library template : VM_global_library.vm
2020-11-28 14:29:27,831 - ResourceManager : unable to find resource 'VM_global_library.vm' in any resource loader.
2020-11-28 14:29:27,831 - Velocimacro : error using  VM library template VM_global_library.vm : org.apache.velocity.exception.ResourceNotFoundException: Unable to find resource 'VM_global_library.vm'
2020-11-28 14:29:27,831 - Velocimacro :  VM library template macro registration complete.
2020-11-28 14:29:27,831 - Velocimacro : allowInline = true : VMs can be defined inline in templates
2020-11-28 14:29:27,831 - Velocimacro : allowInlineToOverride = false : VMs defined inline may NOT replace previous VM definitions
2020-11-28 14:29:27,831 - Velocimacro : allowInlineLocal = false : VMs defined inline will be  global in scope if allowed.
2020-11-28 14:29:27,831 - Velocimacro : messages on  : VM system will output logging messages
2020-11-28 14:29:27,831 - Velocimacro : autoload off  : VM system will not automatically reload global library macros
2020-11-28 14:29:27,831 - Velocimacro : initialization complete.
2020-11-28 14:29:27,831 - Velocity successfully started.
2020-11-28 14:31:48,352 - ResourceManager : found repast/simphony/parameter/parameters.vt with loader org.apache.velocity.runtime.resource.loader.ClasspathResourceLoader
2020-11-28 14:48:40,853 - ResourceManager : found repast/simphony/parameter/parameters.vt with loader org.apache.velocity.runtime.resource.loader.ClasspathResourceLoader
2020-11-28 14:49:10,176 - ResourceManager : found repast/simphony/parameter/parameters.vt with loader org.apache.velocity.runtime.resource.loader.ClasspathResourceLoader
2020-11-28 15:29:08,440 - ResourceManager : found repast/simphony/parameter/parameters.vt with loader org.apache.velocity.runtime.resource.loader.ClasspathResourceLoader
2020-11-28 17:52:04,061 - SimpleLog4JLogSystem initialized using logfile 'velocity.log'
2020-11-28 17:52:04,061 - ************************************************************** 
2020-11-28 17:52:04,061 - Starting Jakarta Velocity v1.4
2020-11-28 17:52:04,062 - RuntimeInstance initializing.
2020-11-28 17:52:04,062 - Default Properties File: org\apache\velocity\runtime\defaults\velocity.properties
2020-11-28 17:52:04,062 - Trying to use logger class org.apache.velocity.runtime.log.SimpleLog4JLogSystem
2020-11-28 17:52:04,062 - Using logger class org.apache.velocity.runtime.log.SimpleLog4JLogSystem
2020-11-28 17:52:04,064 - Default ResourceManager initializing. (class org.apache.velocity.runtime.resource.ResourceManagerImpl)
2020-11-28 17:52:04,065 - Resource Loader Instantiated: org.apache.velocity.runtime.resource.loader.ClasspathResourceLoader
2020-11-28 17:52:04,065 - ClasspathResourceLoader : initialization starting.
2020-11-28 17:52:04,065 - ClasspathResourceLoader : initialization complete.
2020-11-28 17:52:04,066 - ResourceCache : initialized. (class org.apache.velocity.runtime.resource.ResourceCacheImpl)
2020-11-28 17:52:04,066 - Default ResourceManager initialization complete.
2020-11-28 17:52:04,068 - Loaded System Directive: org.apache.velocity.runtime.directive.Literal
2020-11-28 17:52:04,069 - Loaded System Directive: org.apache.velocity.runtime.directive.Macro
2020-11-28 17:52:04,071 - Loaded System Directive: org.apache.velocity.runtime.directive.Parse
2020-11-28 17:52:04,072 - Loaded System Directive: org.apache.velocity.runtime.directive.Include
2020-11-28 17:52:04,073 - Loaded System Directive: org.apache.velocity.runtime.directive.Foreach
2020-11-28 17:52:04,092 - Created: 20 parsers.
2020-11-28 17:52:04,096 - Velocimacro : initialization starting.
2020-11-28 17:52:04,097 - Velocimacro : adding VMs from VM library template : VM_global_library.vm
2020-11-28 17:52:04,099 - ResourceManager : unable to find resource 'VM_global_library.vm' in any resource loader.
2020-11-28 17:52:04,099 - Velocimacro : error using  VM library template VM_global_library.vm : org.apache.velocity.exception.ResourceNotFoundException: Unable to find resource 'VM_global_library.vm'
2020-11-28 17:52:04,099 - Velocimacro :  VM library template macro registration complete.
2020-11-28 17:52:04,099 - Velocimacro : allowInline = true : VMs can be defined inline in templates
2020-11-28 17:52:04,099 - Velocimacro : allowInlineToOverride = false : VMs defined inline may NOT replace previous VM definitions
2020-11-28 17:52:04,099 - Velocimacro : allowInlineLocal = false : VMs defined inline will be  global in scope if allowed.
2020-11-28 17:52:04,099 - Velocimacro : messages on  : VM system will output logging messages
2020-11-28 17:52:04,099 - Velocimacro : autoload off  : VM system will not automatically reload global library macros
2020-11-28 17:52:04,099 - Velocimacro : initialization complete.
2020-11-28 17:52:04,099 - Velocity successfully started.
2020-11-28 17:54:44,380 - ResourceManager : found repast/simphony/scenario/Scenario.vt with loader org.apache.velocity.runtime.resource.loader.ClasspathResourceLoader
2020-11-28 17:55:03,762 - SimpleLog4JLogSystem initialized using logfile 'velocity.log'
2020-11-28 17:55:03,762 - ************************************************************** 
2020-11-28 17:55:03,762 - Starting Jakarta Velocity v1.4
2020-11-28 17:55:03,762 - RuntimeInstance initializing.
2020-11-28 17:55:03,762 - Default Properties File: org\apache\velocity\runtime\defaults\velocity.properties
2020-11-28 17:55:03,762 - Trying to use logger class org.apache.velocity.runtime.log.SimpleLog4JLogSystem
2020-11-28 17:55:03,762 - Using logger class org.apache.velocity.runtime.log.SimpleLog4JLogSystem
2020-11-28 17:55:03,764 - Default ResourceManager initializing. (class org.apache.velocity.runtime.resource.ResourceManagerImpl)
2020-11-28 17:55:03,766 - Resource Loader Instantiated: org.apache.velocity.runtime.resource.loader.ClasspathResourceLoader
2020-11-28 17:55:03,766 - ClasspathResourceLoader : initialization starting.
2020-11-28 17:55:03,766 - ClasspathResourceLoader : initialization complete.
2020-11-28 17:55:03,767 - ResourceCache : initialized. (class org.apache.velocity.runtime.resource.ResourceCacheImpl)
2020-11-28 17:55:03,767 - Default ResourceManager initialization complete.
2020-11-28 17:55:03,768 - Loaded System Directive: org.apache.velocity.runtime.directive.Literal
2020-11-28 17:55:03,769 - Loaded System Directive: org.apache.velocity.runtime.directive.Macro
2020-11-28 17:55:03,771 - Loaded System Directive: org.apache.velocity.runtime.directive.Parse
2020-11-28 17:55:03,772 - Loaded System Directive: org.apache.velocity.runtime.directive.Include
2020-11-28 17:55:03,773 - Loaded System Directive: org.apache.velocity.runtime.directive.Foreach
2020-11-28 17:55:03,791 - Created: 20 parsers.
2020-11-28 17:55:03,796 - Velocimacro : initialization starting.
2020-11-28 17:55:03,796 - Velocimacro : adding VMs from VM library template : VM_global_library.vm
2020-11-28 17:55:03,798 - ResourceManager : unable to find resource 'VM_global_library.vm' in any resource loader.
2020-11-28 17:55:03,798 - Velocimacro : error using  VM library template VM_global_library.vm : org.apache.velocity.exception.ResourceNotFoundException: Unable to find resource 'VM_global_library.vm'
2020-11-28 17:55:03,798 - Velocimacro :  VM library template macro registration complete.
2020-11-28 17:55:03,798 - Velocimacro : allowInline = true : VMs can be defined inline in templates
2020-11-28 17:55:03,798 - Velocimacro : allowInlineToOverride = false : VMs defined inline may NOT replace previous VM definitions
2020-11-28 17:55:03,798 - Velocimacro : allowInlineLocal = false : VMs defined inline will be  global in scope if allowed.
2020-11-28 17:55:03,799 - Velocimacro : messages on  : VM system will output logging messages
2020-11-28 17:55:03,799 - Velocimacro : autoload off  : VM system will not automatically reload global library macros
2020-11-28 17:55:03,799 - Velocimacro : initialization complete.
2020-11-28 17:55:03,799 - Velocity successfully started.
2020-11-28 18:00:10,077 - SimpleLog4JLogSystem initialized using logfile 'velocity.log'
2020-11-28 18:00:10,078 - ************************************************************** 
2020-11-28 18:00:10,078 - Starting Jakarta Velocity v1.4
2020-11-28 18:00:10,078 - RuntimeInstance initializing.
2020-11-28 18:00:10,078 - Default Properties File: org\apache\velocity\runtime\defaults\velocity.properties
2020-11-28 18:00:10,078 - Trying to use logger class org.apache.velocity.runtime.log.SimpleLog4JLogSystem
2020-11-28 18:00:10,078 - Using logger class org.apache.velocity.runtime.log.SimpleLog4JLogSystem
2020-11-28 18:00:10,080 - Default ResourceManager initializing. (class org.apache.velocity.runtime.resource.ResourceManagerImpl)
2020-11-28 18:00:10,083 - Resource Loader Instantiated: org.apache.velocity.runtime.resource.loader.ClasspathResourceLoader
2020-11-28 18:00:10,083 - ClasspathResourceLoader : initialization starting.
2020-11-28 18:00:10,083 - ClasspathResourceLoader : initialization complete.
2020-11-28 18:00:10,085 - ResourceCache : initialized. (class org.apache.velocity.runtime.resource.ResourceCacheImpl)
2020-11-28 18:00:10,085 - Default ResourceManager initialization complete.
2020-11-28 18:00:10,087 - Loaded System Directive: org.apache.velocity.runtime.directive.Literal
2020-11-28 18:00:10,088 - Loaded System Directive: org.apache.velocity.runtime.directive.Macro
2020-11-28 18:00:10,091 - Loaded System Directive: org.apache.velocity.runtime.directive.Parse
2020-11-28 18:00:10,093 - Loaded System Directive: org.apache.velocity.runtime.directive.Include
2020-11-28 18:00:10,094 - Loaded System Directive: org.apache.velocity.runtime.directive.Foreach
2020-11-28 18:00:10,116 - Created: 20 parsers.
2020-11-28 18:00:10,122 - Velocimacro : initialization starting.
2020-11-28 18:00:10,122 - Velocimacro : adding VMs from VM library template : VM_global_library.vm
2020-11-28 18:00:10,126 - ResourceManager : unable to find resource 'VM_global_library.vm' in any resource loader.
2020-11-28 18:00:10,127 - Velocimacro : error using  VM library template VM_global_library.vm : org.apache.velocity.exception.ResourceNotFoundException: Unable to find resource 'VM_global_library.vm'
2020-11-28 18:00:10,127 - Velocimacro :  VM library template macro registration complete.
2020-11-28 18:00:10,127 - Velocimacro : allowInline = true : VMs can be defined inline in templates
2020-11-28 18:00:10,127 - Velocimacro : allowInlineToOverride = false : VMs defined inline may NOT replace previous VM definitions
2020-11-28 18:00:10,127 - Velocimacro : allowInlineLocal = false : VMs defined inline will be  global in scope if allowed.
2020-11-28 18:00:10,127 - Velocimacro : messages on  : VM system will output logging messages
2020-11-28 18:00:10,127 - Velocimacro : autoload off  : VM system will not automatically reload global library macros
2020-11-28 18:00:10,127 - Velocimacro : initialization complete.
2020-11-28 18:00:10,127 - Velocity successfully started.
2020-11-28 18:00:33,660 - ResourceManager : found repast/simphony/scenario/Scenario.vt with loader org.apache.velocity.runtime.resource.loader.ClasspathResourceLoader
2020-11-28 18:01:23,309 - ResourceManager : found repast/simphony/parameter/parameters.vt with loader org.apache.velocity.runtime.resource.loader.ClasspathResourceLoader
2020-11-28 18:01:30,874 - ResourceManager : found repast/simphony/scenario/Scenario.vt with loader org.apache.velocity.runtime.resource.loader.ClasspathResourceLoader
2020-11-28 18:01:42,250 - ResourceManager : found repast/simphony/scenario/Scenario.vt with loader org.apache.velocity.runtime.resource.loader.ClasspathResourceLoader
2020-11-28 18:02:06,559 - ResourceManager : found repast/simphony/scenario/Scenario.vt with loader org.apache.velocity.runtime.resource.loader.ClasspathResourceLoader
2020-11-28 18:02:44,297 - ResourceManager : found repast/simphony/scenario/Scenario.vt with loader org.apache.velocity.runtime.resource.loader.ClasspathResourceLoader
2020-11-28 18:04:11,171 - ResourceManager : found repast/simphony/scenario/Scenario.vt with loader org.apache.velocity.runtime.resource.loader.ClasspathResourceLoader
2020-11-28 18:04:11,400 - ResourceManager : found repast/simphony/scenario/Scenario.vt with loader org.apache.velocity.runtime.resource.loader.ClasspathResourceLoader
2020-11-28 18:05:17,063 - ResourceManager : found repast/simphony/parameter/parameters.vt with loader org.apache.velocity.runtime.resource.loader.ClasspathResourceLoader
2020-11-28 18:05:41,578 - ResourceManager : found repast/simphony/parameter/parameters.vt with loader org.apache.velocity.runtime.resource.loader.ClasspathResourceLoader
2020-11-28 18:10:39,351 - SimpleLog4JLogSystem initialized using logfile 'velocity.log'
2020-11-28 18:10:39,351 - ************************************************************** 
2020-11-28 18:10:39,351 - Starting Jakarta Velocity v1.4
2020-11-28 18:10:39,351 - RuntimeInstance initializing.
2020-11-28 18:10:39,351 - Default Properties File: org\apache\velocity\runtime\defaults\velocity.properties
2020-11-28 18:10:39,351 - Trying to use logger class org.apache.velocity.runtime.log.SimpleLog4JLogSystem
2020-11-28 18:10:39,351 - Using logger class org.apache.velocity.runtime.log.SimpleLog4JLogSystem
2020-11-28 18:10:39,353 - Default ResourceManager initializing. (class org.apache.velocity.runtime.resource.ResourceManagerImpl)
2020-11-28 18:10:39,355 - Resource Loader Instantiated: org.apache.velocity.runtime.resource.loader.ClasspathResourceLoader
2020-11-28 18:10:39,355 - ClasspathResourceLoader : initialization starting.
2020-11-28 18:10:39,355 - ClasspathResourceLoader : initialization complete.
2020-11-28 18:10:39,356 - ResourceCache : initialized. (class org.apache.velocity.runtime.resource.ResourceCacheImpl)
2020-11-28 18:10:39,356 - Default ResourceManager initialization complete.
2020-11-28 18:10:39,358 - Loaded System Directive: org.apache.velocity.runtime.directive.Literal
2020-11-28 18:10:39,359 - Loaded System Directive: org.apache.velocity.runtime.directive.Macro
2020-11-28 18:10:39,360 - Loaded System Directive: org.apache.velocity.runtime.directive.Parse
2020-11-28 18:10:39,361 - Loaded System Directive: org.apache.velocity.runtime.directive.Include
2020-11-28 18:10:39,362 - Loaded System Directive: org.apache.velocity.runtime.directive.Foreach
2020-11-28 18:10:39,383 - Created: 20 parsers.
2020-11-28 18:10:39,388 - Velocimacro : initialization starting.
2020-11-28 18:10:39,388 - Velocimacro : adding VMs from VM library template : VM_global_library.vm
2020-11-28 18:10:39,391 - ResourceManager : unable to find resource 'VM_global_library.vm' in any resource loader.
2020-11-28 18:10:39,391 - Velocimacro : error using  VM library template VM_global_library.vm : org.apache.velocity.exception.ResourceNotFoundException: Unable to find resource 'VM_global_library.vm'
2020-11-28 18:10:39,391 - Velocimacro :  VM library template macro registration complete.
2020-11-28 18:10:39,391 - Velocimacro : allowInline = true : VMs can be defined inline in templates
2020-11-28 18:10:39,391 - Velocimacro : allowInlineToOverride = false : VMs defined inline may NOT replace previous VM definitions
2020-11-28 18:10:39,391 - Velocimacro : allowInlineLocal = false : VMs defined inline will be  global in scope if allowed.
2020-11-28 18:10:39,391 - Velocimacro : messages on  : VM system will output logging messages
2020-11-28 18:10:39,391 - Velocimacro : autoload off  : VM system will not automatically reload global library macros
2020-11-28 18:10:39,391 - Velocimacro : initialization complete.
2020-11-28 18:10:39,391 - Velocity successfully started.
2020-11-28 18:11:48,656 - ResourceManager : found repast/simphony/scenario/Scenario.vt with loader org.apache.velocity.runtime.resource.loader.ClasspathResourceLoader
2020-11-29 18:11:49,860 - SimpleLog4JLogSystem initialized using logfile 'velocity.log'
2020-11-29 18:11:49,861 - ************************************************************** 
2020-11-29 18:11:49,861 - Starting Jakarta Velocity v1.4
2020-11-29 18:11:49,861 - RuntimeInstance initializing.
2020-11-29 18:11:49,861 - Default Properties File: org\apache\velocity\runtime\defaults\velocity.properties
2020-11-29 18:11:49,861 - Trying to use logger class org.apache.velocity.runtime.log.SimpleLog4JLogSystem
2020-11-29 18:11:49,861 - Using logger class org.apache.velocity.runtime.log.SimpleLog4JLogSystem
2020-11-29 18:11:49,863 - Default ResourceManager initializing. (class org.apache.velocity.runtime.resource.ResourceManagerImpl)
2020-11-29 18:11:49,866 - Resource Loader Instantiated: org.apache.velocity.runtime.resource.loader.ClasspathResourceLoader
2020-11-29 18:11:49,866 - ClasspathResourceLoader : initialization starting.
2020-11-29 18:11:49,866 - ClasspathResourceLoader : initialization complete.
2020-11-29 18:11:49,867 - ResourceCache : initialized. (class org.apache.velocity.runtime.resource.ResourceCacheImpl)
2020-11-29 18:11:49,868 - Default ResourceManager initialization complete.
2020-11-29 18:11:49,870 - Loaded System Directive: org.apache.velocity.runtime.directive.Literal
2020-11-29 18:11:49,871 - Loaded System Directive: org.apache.velocity.runtime.directive.Macro
2020-11-29 18:11:49,873 - Loaded System Directive: org.apache.velocity.runtime.directive.Parse
2020-11-29 18:11:49,875 - Loaded System Directive: org.apache.velocity.runtime.directive.Include
2020-11-29 18:11:49,875 - Loaded System Directive: org.apache.velocity.runtime.directive.Foreach
2020-11-29 18:11:49,898 - Created: 20 parsers.
2020-11-29 18:11:49,905 - Velocimacro : initialization starting.
2020-11-29 18:11:49,905 - Velocimacro : adding VMs from VM library template : VM_global_library.vm
2020-11-29 18:11:49,908 - ResourceManager : unable to find resource 'VM_global_library.vm' in any resource loader.
2020-11-29 18:11:49,908 - Velocimacro : error using  VM library template VM_global_library.vm : org.apache.velocity.exception.ResourceNotFoundException: Unable to find resource 'VM_global_library.vm'
2020-11-29 18:11:49,908 - Velocimacro :  VM library template macro registration complete.
2020-11-29 18:11:49,908 - Velocimacro : allowInline = true : VMs can be defined inline in templates
2020-11-29 18:11:49,908 - Velocimacro : allowInlineToOverride = false : VMs defined inline may NOT replace previous VM definitions
2020-11-29 18:11:49,908 - Velocimacro : allowInlineLocal = false : VMs defined inline will be  global in scope if allowed.
2020-11-29 18:11:49,909 - Velocimacro : messages on  : VM system will output logging messages
2020-11-29 18:11:49,909 - Velocimacro : autoload off  : VM system will not automatically reload global library macros
2020-11-29 18:11:49,909 - Velocimacro : initialization complete.
2020-11-29 18:11:49,909 - Velocity successfully started.
2020-11-30 16:18:17,904 - SimpleLog4JLogSystem initialized using logfile 'velocity.log'
2020-11-30 16:18:17,904 - ************************************************************** 
2020-11-30 16:18:17,905 - Starting Jakarta Velocity v1.4
2020-11-30 16:18:17,905 - RuntimeInstance initializing.
2020-11-30 16:18:17,905 - Default Properties File: org\apache\velocity\runtime\defaults\velocity.properties
2020-11-30 16:18:17,905 - Trying to use logger class org.apache.velocity.runtime.log.SimpleLog4JLogSystem
2020-11-30 16:18:17,905 - Using logger class org.apache.velocity.runtime.log.SimpleLog4JLogSystem
2020-11-30 16:18:17,907 - Default ResourceManager initializing. (class org.apache.velocity.runtime.resource.ResourceManagerImpl)
2020-11-30 16:18:17,908 - Resource Loader Instantiated: org.apache.velocity.runtime.resource.loader.ClasspathResourceLoader
2020-11-30 16:18:17,909 - ClasspathResourceLoader : initialization starting.
2020-11-30 16:18:17,909 - ClasspathResourceLoader : initialization complete.
2020-11-30 16:18:17,910 - ResourceCache : initialized. (class org.apache.velocity.runtime.resource.ResourceCacheImpl)
2020-11-30 16:18:17,910 - Default ResourceManager initialization complete.
2020-11-30 16:18:17,913 - Loaded System Directive: org.apache.velocity.runtime.directive.Literal
2020-11-30 16:18:17,915 - Loaded System Directive: org.apache.velocity.runtime.directive.Macro
2020-11-30 16:18:17,917 - Loaded System Directive: org.apache.velocity.runtime.directive.Parse
2020-11-30 16:18:17,919 - Loaded System Directive: org.apache.velocity.runtime.directive.Include
2020-11-30 16:18:17,920 - Loaded System Directive: org.apache.velocity.runtime.directive.Foreach
2020-11-30 16:18:17,939 - Created: 20 parsers.
2020-11-30 16:18:17,944 - Velocimacro : initialization starting.
2020-11-30 16:18:17,944 - Velocimacro : adding VMs from VM library template : VM_global_library.vm
2020-11-30 16:18:17,948 - ResourceManager : unable to find resource 'VM_global_library.vm' in any resource loader.
2020-11-30 16:18:17,948 - Velocimacro : error using  VM library template VM_global_library.vm : org.apache.velocity.exception.ResourceNotFoundException: Unable to find resource 'VM_global_library.vm'
2020-11-30 16:18:17,948 - Velocimacro :  VM library template macro registration complete.
2020-11-30 16:18:17,948 - Velocimacro : allowInline = true : VMs can be defined inline in templates
2020-11-30 16:18:17,948 - Velocimacro : allowInlineToOverride = false : VMs defined inline may NOT replace previous VM definitions
2020-11-30 16:18:17,948 - Velocimacro : allowInlineLocal = false : VMs defined inline will be  global in scope if allowed.
2020-11-30 16:18:17,948 - Velocimacro : messages on  : VM system will output logging messages
2020-11-30 16:18:17,948 - Velocimacro : autoload off  : VM system will not automatically reload global library macros
2020-11-30 16:18:17,948 - Velocimacro : initialization complete.
2020-11-30 16:18:17,948 - Velocity successfully started.
