2020-11-27 12:04:34,187 - Loaded System Directive: org.apache.velocity.runtime.directive.Foreach
2020-11-27 12:04:34,221 - Created: 20 parsers.
2020-11-27 12:04:34,237 - Velocimacro : initialization starting.
2020-11-27 12:04:34,238 - Velocimacro : adding VMs from VM library template : VM_global_library.vm
2020-11-27 12:04:34,247 - ResourceManager : unable to find resource 'VM_global_library.vm' in any resource loader.
2020-11-27 12:04:34,247 - Velocimacro : error using  VM library template VM_global_library.vm : org.apache.velocity.exception.ResourceNotFoundException: Unable to find resource 'VM_global_library.vm'
2020-11-27 12:04:34,247 - Velocimacro :  VM library template macro registration complete.
2020-11-27 12:04:34,248 - Velocimacro : allowInline = true : VMs can be defined inline in templates
2020-11-27 12:04:34,248 - Velocimacro : allowInlineToOverride = false : VMs defined inline may NOT replace previous VM definitions
2020-11-27 12:04:34,248 - Velocimacro : allowInlineLocal = false : VMs defined inline will be  global in scope if allowed.
2020-11-27 12:04:34,248 - Velocimacro : messages on  : VM system will output logging messages
2020-11-27 12:04:34,248 - Velocimacro : autoload off  : VM system will not automatically reload global library macros
2020-11-27 12:04:34,248 - Velocimacro : initialization complete.
2020-11-27 12:04:34,248 - Velocity successfully started.
2020-11-27 12:08:43,548 - SimpleLog4JLogSystem initialized using logfile 'velocity.log'
2020-11-27 12:08:43,551 - ************************************************************** 
2020-11-27 12:08:43,551 - Starting Jakarta Velocity v1.4
2020-11-27 12:08:43,552 - RuntimeInstance initializing.
2020-11-27 12:08:43,552 - Default Properties File: org\apache\velocity\runtime\defaults\velocity.properties
2020-11-27 12:08:43,552 - Trying to use logger class org.apache.velocity.runtime.log.SimpleLog4JLogSystem
2020-11-27 12:08:43,552 - Using logger class org.apache.velocity.runtime.log.SimpleLog4JLogSystem
2020-11-27 12:08:43,567 - Default ResourceManager initializing. (class org.apache.velocity.runtime.resource.ResourceManagerImpl)
2020-11-27 12:08:43,575 - Resource Loader Instantiated: org.apache.velocity.runtime.resource.loader.ClasspathResourceLoader
2020-11-27 12:08:43,575 - ClasspathResourceLoader : initialization starting.
2020-11-27 12:08:43,575 - ClasspathResourceLoader : initialization complete.
2020-11-27 12:08:43,580 - ResourceCache : initialized. (class org.apache.velocity.runtime.resource.ResourceCacheImpl)
2020-11-27 12:08:43,580 - Default ResourceManager initialization complete.
2020-11-27 12:08:43,589 - Loaded System Directive: org.apache.velocity.runtime.directive.Literal
2020-11-27 12:08:43,595 - Loaded System Directive: org.apache.velocity.runtime.directive.Macro
2020-11-27 12:08:43,602 - Loaded System Directive: org.apache.velocity.runtime.directive.Parse
2020-11-27 12:08:43,608 - Loaded System Directive: org.apache.velocity.runtime.directive.Include
2020-11-27 12:08:43,611 - Loaded System Directive: org.apache.velocity.runtime.directive.Foreach
2020-11-27 12:08:43,657 - Created: 20 parsers.
2020-11-27 12:08:43,676 - Velocimacro : initialization starting.
2020-11-27 12:08:43,677 - Velocimacro : adding VMs from VM library template : VM_global_library.vm
2020-11-27 12:08:43,688 - ResourceManager : unable to find resource 'VM_global_library.vm' in any resource loader.
2020-11-27 12:08:43,688 - Velocimacro : error using  VM library template VM_global_library.vm : org.apache.velocity.exception.ResourceNotFoundException: Unable to find resource 'VM_global_library.vm'
2020-11-27 12:08:43,688 - Velocimacro :  VM library template macro registration complete.
2020-11-27 12:08:43,688 - Velocimacro : allowInline = true : VMs can be defined inline in templates
2020-11-27 12:08:43,688 - Velocimacro : allowInlineToOverride = false : VMs defined inline may NOT replace previous VM definitions
2020-11-27 12:08:43,688 - Velocimacro : allowInlineLocal = false : VMs defined inline will be  global in scope if allowed.
2020-11-27 12:08:43,688 - Velocimacro : messages on  : VM system will output logging messages
2020-11-27 12:08:43,688 - Velocimacro : autoload off  : VM system will not automatically reload global library macros
2020-11-27 12:08:43,688 - Velocimacro : initialization complete.
2020-11-27 12:08:43,688 - Velocity successfully started.
2020-11-27 15:13:43,711 - SimpleLog4JLogSystem initialized using logfile 'velocity.log'
2020-11-27 15:13:43,711 - ************************************************************** 
2020-11-27 15:13:43,711 - Starting Jakarta Velocity v1.4
2020-11-27 15:13:43,711 - RuntimeInstance initializing.
2020-11-27 15:13:43,711 - Default Properties File: org\apache\velocity\runtime\defaults\velocity.properties
2020-11-27 15:13:43,711 - Trying to use logger class org.apache.velocity.runtime.log.SimpleLog4JLogSystem
2020-11-27 15:13:43,711 - Using logger class org.apache.velocity.runtime.log.SimpleLog4JLogSystem
2020-11-27 15:13:43,717 - Default ResourceManager initializing. (class org.apache.velocity.runtime.resource.ResourceManagerImpl)
2020-11-27 15:13:43,725 - Resource Loader Instantiated: org.apache.velocity.runtime.resource.loader.ClasspathResourceLoader
2020-11-27 15:13:43,725 - ClasspathResourceLoader : initialization starting.
2020-11-27 15:13:43,725 - ClasspathResourceLoader : initialization complete.
2020-11-27 15:13:43,728 - ResourceCache : initialized. (class org.apache.velocity.runtime.resource.ResourceCacheImpl)
2020-11-27 15:13:43,728 - Default ResourceManager initialization complete.
2020-11-27 15:13:43,734 - Loaded System Directive: org.apache.velocity.runtime.directive.Literal
2020-11-27 15:13:43,738 - Loaded System Directive: org.apache.velocity.runtime.directive.Macro
2020-11-27 15:13:43,743 - Loaded System Directive: org.apache.velocity.runtime.directive.Parse
2020-11-27 15:13:43,746 - Loaded System Directive: org.apache.velocity.runtime.directive.Include
2020-11-27 15:13:43,748 - Loaded System Directive: org.apache.velocity.runtime.directive.Foreach
2020-11-27 15:13:43,786 - Created: 20 parsers.
2020-11-27 15:13:43,802 - Velocimacro : initialization starting.
2020-11-27 15:13:43,802 - Velocimacro : adding VMs from VM library template : VM_global_library.vm
2020-11-27 15:13:43,813 - ResourceManager : unable to find resource 'VM_global_library.vm' in any resource loader.
2020-11-27 15:13:43,813 - Velocimacro : error using  VM library template VM_global_library.vm : org.apache.velocity.exception.ResourceNotFoundException: Unable to find resource 'VM_global_library.vm'
2020-11-27 15:13:43,813 - Velocimacro :  VM library template macro registration complete.
2020-11-27 15:13:43,813 - Velocimacro : allowInline = true : VMs can be defined inline in templates
2020-11-27 15:13:43,813 - Velocimacro : allowInlineToOverride = false : VMs defined inline may NOT replace previous VM definitions
2020-11-27 15:13:43,813 - Velocimacro : allowInlineLocal = false : VMs defined inline will be  global in scope if allowed.
2020-11-27 15:13:43,813 - Velocimacro : messages on  : VM system will output logging messages
2020-11-27 15:13:43,813 - Velocimacro : autoload off  : VM system will not automatically reload global library macros
2020-11-27 15:13:43,813 - Velocimacro : initialization complete.
2020-11-27 15:13:43,813 - Velocity successfully started.
2020-11-27 15:24:11,276 - SimpleLog4JLogSystem initialized using logfile 'velocity.log'
2020-11-27 15:24:11,276 - ************************************************************** 
2020-11-27 15:24:11,276 - Starting Jakarta Velocity v1.4
2020-11-27 15:24:11,276 - RuntimeInstance initializing.
2020-11-27 15:24:11,276 - Default Properties File: org\apache\velocity\runtime\defaults\velocity.properties
2020-11-27 15:24:11,276 - Trying to use logger class org.apache.velocity.runtime.log.SimpleLog4JLogSystem
2020-11-27 15:24:11,276 - Using logger class org.apache.velocity.runtime.log.SimpleLog4JLogSystem
2020-11-27 15:24:11,286 - Default ResourceManager initializing. (class org.apache.velocity.runtime.resource.ResourceManagerImpl)
2020-11-27 15:24:11,293 - Resource Loader Instantiated: org.apache.velocity.runtime.resource.loader.ClasspathResourceLoader
2020-11-27 15:24:11,293 - ClasspathResourceLoader : initialization starting.
2020-11-27 15:24:11,293 - ClasspathResourceLoader : initialization complete.
2020-11-27 15:24:11,298 - ResourceCache : initialized. (class org.apache.velocity.runtime.resource.ResourceCacheImpl)
2020-11-27 15:24:11,298 - Default ResourceManager initialization complete.
2020-11-27 15:24:11,305 - Loaded System Directive: org.apache.velocity.runtime.directive.Literal
2020-11-27 15:24:11,308 - Loaded System Directive: org.apache.velocity.runtime.directive.Macro
2020-11-27 15:24:11,314 - Loaded System Directive: org.apache.velocity.runtime.directive.Parse
2020-11-27 15:24:11,318 - Loaded System Directive: org.apache.velocity.runtime.directive.Include
2020-11-27 15:24:11,320 - Loaded System Directive: org.apache.velocity.runtime.directive.Foreach
2020-11-27 15:24:11,359 - Created: 20 parsers.
2020-11-27 15:24:11,376 - Velocimacro : initialization starting.
2020-11-27 15:24:11,376 - Velocimacro : adding VMs from VM library template : VM_global_library.vm
2020-11-27 15:24:11,386 - ResourceManager : unable to find resource 'VM_global_library.vm' in any resource loader.
2020-11-27 15:24:11,386 - Velocimacro : error using  VM library template VM_global_library.vm : org.apache.velocity.exception.ResourceNotFoundException: Unable to find resource 'VM_global_library.vm'
2020-11-27 15:24:11,386 - Velocimacro :  VM library template macro registration complete.
2020-11-27 15:24:11,386 - Velocimacro : allowInline = true : VMs can be defined inline in templates
2020-11-27 15:24:11,386 - Velocimacro : allowInlineToOverride = false : VMs defined inline may NOT replace previous VM definitions
2020-11-27 15:24:11,386 - Velocimacro : allowInlineLocal = false : VMs defined inline will be  global in scope if allowed.
2020-11-27 15:24:11,386 - Velocimacro : messages on  : VM system will output logging messages
2020-11-27 15:24:11,386 - Velocimacro : autoload off  : VM system will not automatically reload global library macros
2020-11-27 15:24:11,386 - Velocimacro : initialization complete.
2020-11-27 15:24:11,386 - Velocity successfully started.
2020-11-27 18:09:11,329 - SimpleLog4JLogSystem initialized using logfile 'velocity.log'
2020-11-27 18:09:11,329 - ************************************************************** 
2020-11-27 18:09:11,329 - Starting Jakarta Velocity v1.4
2020-11-27 18:09:11,329 - RuntimeInstance initializing.
2020-11-27 18:09:11,329 - Default Properties File: org\apache\velocity\runtime\defaults\velocity.properties
2020-11-27 18:09:11,329 - Trying to use logger class org.apache.velocity.runtime.log.SimpleLog4JLogSystem
2020-11-27 18:09:11,329 - Using logger class org.apache.velocity.runtime.log.SimpleLog4JLogSystem
2020-11-27 18:09:11,334 - Default ResourceManager initializing. (class org.apache.velocity.runtime.resource.ResourceManagerImpl)
2020-11-27 18:09:11,339 - Resource Loader Instantiated: org.apache.velocity.runtime.resource.loader.ClasspathResourceLoader
2020-11-27 18:09:11,339 - ClasspathResourceLoader : initialization starting.
2020-11-27 18:09:11,339 - ClasspathResourceLoader : initialization complete.
2020-11-27 18:09:11,342 - ResourceCache : initialized. (class org.apache.velocity.runtime.resource.ResourceCacheImpl)
2020-11-27 18:09:11,342 - Default ResourceManager initialization complete.
2020-11-27 18:09:11,348 - Loaded System Directive: org.apache.velocity.runtime.directive.Literal
2020-11-27 18:09:11,351 - Loaded System Directive: org.apache.velocity.runtime.directive.Macro
2020-11-27 18:09:11,356 - Loaded System Directive: org.apache.velocity.runtime.directive.Parse
2020-11-27 18:09:11,359 - Loaded System Directive: org.apache.velocity.runtime.directive.Include
2020-11-27 18:09:11,361 - Loaded System Directive: org.apache.velocity.runtime.directive.Foreach
2020-11-27 18:09:11,395 - Created: 20 parsers.
2020-11-27 18:09:11,409 - Velocimacro : initialization starting.
2020-11-27 18:09:11,409 - Velocimacro : adding VMs from VM library template : VM_global_library.vm
2020-11-27 18:09:11,419 - ResourceManager : unable to find resource 'VM_global_library.vm' in any resource loader.
2020-11-27 18:09:11,419 - Velocimacro : error using  VM library template VM_global_library.vm : org.apache.velocity.exception.ResourceNotFoundException: Unable to find resource 'VM_global_library.vm'
2020-11-27 18:09:11,419 - Velocimacro :  VM library template macro registration complete.
2020-11-27 18:09:11,419 - Velocimacro : allowInline = true : VMs can be defined inline in templates
2020-11-27 18:09:11,419 - Velocimacro : allowInlineToOverride = false : VMs defined inline may NOT replace previous VM definitions
2020-11-27 18:09:11,419 - Velocimacro : allowInlineLocal = false : VMs defined inline will be  global in scope if allowed.
2020-11-27 18:09:11,419 - Velocimacro : messages on  : VM system will output logging messages
2020-11-27 18:09:11,419 - Velocimacro : autoload off  : VM system will not automatically reload global library macros
2020-11-27 18:09:11,419 - Velocimacro : initialization complete.
2020-11-27 18:09:11,419 - Velocity successfully started.
2020-11-27 20:01:18,401 - ResourceManager : found repast/simphony/scenario/Scenario.vt with loader org.apache.velocity.runtime.resource.loader.ClasspathResourceLoader
2020-11-29 10:25:48,156 - SimpleLog4JLogSystem initialized using logfile 'velocity.log'
2020-11-29 10:25:48,156 - ************************************************************** 
2020-11-29 10:25:48,156 - Starting Jakarta Velocity v1.4
2020-11-29 10:25:48,156 - RuntimeInstance initializing.
2020-11-29 10:25:48,156 - Default Properties File: org\apache\velocity\runtime\defaults\velocity.properties
2020-11-29 10:25:48,156 - Trying to use logger class org.apache.velocity.runtime.log.SimpleLog4JLogSystem
2020-11-29 10:25:48,156 - Using logger class org.apache.velocity.runtime.log.SimpleLog4JLogSystem
2020-11-29 10:25:48,162 - Default ResourceManager initializing. (class org.apache.velocity.runtime.resource.ResourceManagerImpl)
2020-11-29 10:25:48,162 - Resource Loader Instantiated: org.apache.velocity.runtime.resource.loader.ClasspathResourceLoader
2020-11-29 10:25:48,162 - ClasspathResourceLoader : initialization starting.
2020-11-29 10:25:48,162 - ClasspathResourceLoader : initialization complete.
2020-11-29 10:25:48,162 - ResourceCache : initialized. (class org.apache.velocity.runtime.resource.ResourceCacheImpl)
2020-11-29 10:25:48,162 - Default ResourceManager initialization complete.
2020-11-29 10:25:48,178 - Loaded System Directive: org.apache.velocity.runtime.directive.Literal
2020-11-29 10:25:48,178 - Loaded System Directive: org.apache.velocity.runtime.directive.Macro
2020-11-29 10:25:48,187 - Loaded System Directive: org.apache.velocity.runtime.directive.Parse
2020-11-29 10:25:48,193 - Loaded System Directive: org.apache.velocity.runtime.directive.Include
2020-11-29 10:25:48,193 - Loaded System Directive: org.apache.velocity.runtime.directive.Foreach
2020-11-29 10:25:48,224 - Created: 20 parsers.
2020-11-29 10:25:48,241 - Velocimacro : initialization starting.
2020-11-29 10:25:48,241 - Velocimacro : adding VMs from VM library template : VM_global_library.vm
2020-11-29 10:25:48,241 - ResourceManager : unable to find resource 'VM_global_library.vm' in any resource loader.
2020-11-29 10:25:48,256 - Velocimacro : error using  VM library template VM_global_library.vm : org.apache.velocity.exception.ResourceNotFoundException: Unable to find resource 'VM_global_library.vm'
2020-11-29 10:25:48,256 - Velocimacro :  VM library template macro registration complete.
2020-11-29 10:25:48,256 - Velocimacro : allowInline = true : VMs can be defined inline in templates
2020-11-29 10:25:48,256 - Velocimacro : allowInlineToOverride = false : VMs defined inline may NOT replace previous VM definitions
2020-11-29 10:25:48,256 - Velocimacro : allowInlineLocal = false : VMs defined inline will be  global in scope if allowed.
2020-11-29 10:25:48,256 - Velocimacro : messages on  : VM system will output logging messages
2020-11-29 10:25:48,257 - Velocimacro : autoload off  : VM system will not automatically reload global library macros
2020-11-29 10:25:48,257 - Velocimacro : initialization complete.
2020-11-29 10:25:48,257 - Velocity successfully started.
2020-11-29 10:27:43,520 - ResourceManager : found repast/simphony/scenario/Scenario.vt with loader org.apache.velocity.runtime.resource.loader.ClasspathResourceLoader
2020-11-29 10:27:57,594 - SimpleLog4JLogSystem initialized using logfile 'velocity.log'
2020-11-29 10:27:57,594 - ************************************************************** 
2020-11-29 10:27:57,594 - Starting Jakarta Velocity v1.4
2020-11-29 10:27:57,594 - RuntimeInstance initializing.
2020-11-29 10:27:57,594 - Default Properties File: org\apache\velocity\runtime\defaults\velocity.properties
2020-11-29 10:27:57,594 - Trying to use logger class org.apache.velocity.runtime.log.SimpleLog4JLogSystem
2020-11-29 10:27:57,594 - Using logger class org.apache.velocity.runtime.log.SimpleLog4JLogSystem
2020-11-29 10:27:57,599 - Default ResourceManager initializing. (class org.apache.velocity.runtime.resource.ResourceManagerImpl)
2020-11-29 10:27:57,599 - Resource Loader Instantiated: org.apache.velocity.runtime.resource.loader.ClasspathResourceLoader
2020-11-29 10:27:57,599 - ClasspathResourceLoader : initialization starting.
2020-11-29 10:27:57,599 - ClasspathResourceLoader : initialization complete.
2020-11-29 10:27:57,599 - ResourceCache : initialized. (class org.apache.velocity.runtime.resource.ResourceCacheImpl)
2020-11-29 10:27:57,599 - Default ResourceManager initialization complete.
2020-11-29 10:27:57,614 - Loaded System Directive: org.apache.velocity.runtime.directive.Literal
2020-11-29 10:27:57,614 - Loaded System Directive: org.apache.velocity.runtime.directive.Macro
2020-11-29 10:27:57,630 - Loaded System Directive: org.apache.velocity.runtime.directive.Parse
2020-11-29 10:27:57,634 - Loaded System Directive: org.apache.velocity.runtime.directive.Include
2020-11-29 10:27:57,634 - Loaded System Directive: org.apache.velocity.runtime.directive.Foreach
2020-11-29 10:27:57,666 - Created: 20 parsers.
2020-11-29 10:27:57,682 - Velocimacro : initialization starting.
2020-11-29 10:27:57,682 - Velocimacro : adding VMs from VM library template : VM_global_library.vm
2020-11-29 10:27:57,698 - ResourceManager : unable to find resource 'VM_global_library.vm' in any resource loader.
2020-11-29 10:27:57,698 - Velocimacro : error using  VM library template VM_global_library.vm : org.apache.velocity.exception.ResourceNotFoundException: Unable to find resource 'VM_global_library.vm'
2020-11-29 10:27:57,698 - Velocimacro :  VM library template macro registration complete.
2020-11-29 10:27:57,698 - Velocimacro : allowInline = true : VMs can be defined inline in templates
2020-11-29 10:27:57,698 - Velocimacro : allowInlineToOverride = false : VMs defined inline may NOT replace previous VM definitions
2020-11-29 10:27:57,698 - Velocimacro : allowInlineLocal = false : VMs defined inline will be  global in scope if allowed.
2020-11-29 10:27:57,698 - Velocimacro : messages on  : VM system will output logging messages
2020-11-29 10:27:57,698 - Velocimacro : autoload off  : VM system will not automatically reload global library macros
2020-11-29 10:27:57,698 - Velocimacro : initialization complete.
2020-11-29 10:27:57,698 - Velocity successfully started.
2020-11-29 10:31:34,640 - ResourceManager : found repast/simphony/scenario/Scenario.vt with loader org.apache.velocity.runtime.resource.loader.ClasspathResourceLoader
2020-11-29 10:34:00,828 - SimpleLog4JLogSystem initialized using logfile 'velocity.log'
2020-11-29 10:34:00,828 - ************************************************************** 
2020-11-29 10:34:00,828 - Starting Jakarta Velocity v1.4
2020-11-29 10:34:00,828 - RuntimeInstance initializing.
2020-11-29 10:34:00,828 - Default Properties File: org\apache\velocity\runtime\defaults\velocity.properties
2020-11-29 10:34:00,828 - Trying to use logger class org.apache.velocity.runtime.log.SimpleLog4JLogSystem
2020-11-29 10:34:00,828 - Using logger class org.apache.velocity.runtime.log.SimpleLog4JLogSystem
2020-11-29 10:34:00,841 - Default ResourceManager initializing. (class org.apache.velocity.runtime.resource.ResourceManagerImpl)
2020-11-29 10:34:00,841 - Resource Loader Instantiated: org.apache.velocity.runtime.resource.loader.ClasspathResourceLoader
2020-11-29 10:34:00,841 - ClasspathResourceLoader : initialization starting.
2020-11-29 10:34:00,841 - ClasspathResourceLoader : initialization complete.
2020-11-29 10:34:00,841 - ResourceCache : initialized. (class org.apache.velocity.runtime.resource.ResourceCacheImpl)
2020-11-29 10:34:00,841 - Default ResourceManager initialization complete.
2020-11-29 10:34:00,855 - Loaded System Directive: org.apache.velocity.runtime.directive.Literal
2020-11-29 10:34:00,855 - Loaded System Directive: org.apache.velocity.runtime.directive.Macro
2020-11-29 10:34:00,855 - Loaded System Directive: org.apache.velocity.runtime.directive.Parse
2020-11-29 10:34:00,872 - Loaded System Directive: org.apache.velocity.runtime.directive.Include
2020-11-29 10:34:00,875 - Loaded System Directive: org.apache.velocity.runtime.directive.Foreach
2020-11-29 10:34:00,909 - Created: 20 parsers.
2020-11-29 10:34:00,927 - Velocimacro : initialization starting.
2020-11-29 10:34:00,927 - Velocimacro : adding VMs from VM library template : VM_global_library.vm
2020-11-29 10:34:00,929 - ResourceManager : unable to find resource 'VM_global_library.vm' in any resource loader.
2020-11-29 10:34:00,929 - Velocimacro : error using  VM library template VM_global_library.vm : org.apache.velocity.exception.ResourceNotFoundException: Unable to find resource 'VM_global_library.vm'
2020-11-29 10:34:00,929 - Velocimacro :  VM library template macro registration complete.
2020-11-29 10:34:00,929 - Velocimacro : allowInline = true : VMs can be defined inline in templates
2020-11-29 10:34:00,929 - Velocimacro : allowInlineToOverride = false : VMs defined inline may NOT replace previous VM definitions
2020-11-29 10:34:00,929 - Velocimacro : allowInlineLocal = false : VMs defined inline will be  global in scope if allowed.
2020-11-29 10:34:00,929 - Velocimacro : messages on  : VM system will output logging messages
2020-11-29 10:34:00,929 - Velocimacro : autoload off  : VM system will not automatically reload global library macros
2020-11-29 10:34:00,929 - Velocimacro : initialization complete.
2020-11-29 10:34:00,929 - Velocity successfully started.
2020-11-29 10:40:20,533 - ResourceManager : found repast/simphony/scenario/Scenario.vt with loader org.apache.velocity.runtime.resource.loader.ClasspathResourceLoader
2020-11-29 10:45:22,092 - SimpleLog4JLogSystem initialized using logfile 'velocity.log'
2020-11-29 10:45:22,092 - ************************************************************** 
2020-11-29 10:45:22,092 - Starting Jakarta Velocity v1.4
2020-11-29 10:45:22,092 - RuntimeInstance initializing.
2020-11-29 10:45:22,092 - Default Properties File: org\apache\velocity\runtime\defaults\velocity.properties
2020-11-29 10:45:22,092 - Trying to use logger class org.apache.velocity.runtime.log.SimpleLog4JLogSystem
2020-11-29 10:45:22,092 - Using logger class org.apache.velocity.runtime.log.SimpleLog4JLogSystem
2020-11-29 10:45:22,097 - Default ResourceManager initializing. (class org.apache.velocity.runtime.resource.ResourceManagerImpl)
2020-11-29 10:45:22,097 - Resource Loader Instantiated: org.apache.velocity.runtime.resource.loader.ClasspathResourceLoader
2020-11-29 10:45:22,097 - ClasspathResourceLoader : initialization starting.
2020-11-29 10:45:22,097 - ClasspathResourceLoader : initialization complete.
2020-11-29 10:45:22,097 - ResourceCache : initialized. (class org.apache.velocity.runtime.resource.ResourceCacheImpl)
2020-11-29 10:45:22,097 - Default ResourceManager initialization complete.
2020-11-29 10:45:22,112 - Loaded System Directive: org.apache.velocity.runtime.directive.Literal
2020-11-29 10:45:22,112 - Loaded System Directive: org.apache.velocity.runtime.directive.Macro
2020-11-29 10:45:22,112 - Loaded System Directive: org.apache.velocity.runtime.directive.Parse
2020-11-29 10:45:22,112 - Loaded System Directive: org.apache.velocity.runtime.directive.Include
2020-11-29 10:45:22,129 - Loaded System Directive: org.apache.velocity.runtime.directive.Foreach
2020-11-29 10:45:22,163 - Created: 20 parsers.
2020-11-29 10:45:22,163 - Velocimacro : initialization starting.
2020-11-29 10:45:22,163 - Velocimacro : adding VMs from VM library template : VM_global_library.vm
2020-11-29 10:45:22,179 - ResourceManager : unable to find resource 'VM_global_library.vm' in any resource loader.
2020-11-29 10:45:22,179 - Velocimacro : error using  VM library template VM_global_library.vm : org.apache.velocity.exception.ResourceNotFoundException: Unable to find resource 'VM_global_library.vm'
2020-11-29 10:45:22,179 - Velocimacro :  VM library template macro registration complete.
2020-11-29 10:45:22,179 - Velocimacro : allowInline = true : VMs can be defined inline in templates
2020-11-29 10:45:22,179 - Velocimacro : allowInlineToOverride = false : VMs defined inline may NOT replace previous VM definitions
2020-11-29 10:45:22,179 - Velocimacro : allowInlineLocal = false : VMs defined inline will be  global in scope if allowed.
2020-11-29 10:45:22,179 - Velocimacro : messages on  : VM system will output logging messages
2020-11-29 10:45:22,179 - Velocimacro : autoload off  : VM system will not automatically reload global library macros
2020-11-29 10:45:22,179 - Velocimacro : initialization complete.
2020-11-29 10:45:22,179 - Velocity successfully started.
2020-11-29 10:53:37,459 - SimpleLog4JLogSystem initialized using logfile 'velocity.log'
2020-11-29 10:53:37,459 - ************************************************************** 
2020-11-29 10:53:37,459 - Starting Jakarta Velocity v1.4
2020-11-29 10:53:37,459 - RuntimeInstance initializing.
2020-11-29 10:53:37,459 - Default Properties File: org\apache\velocity\runtime\defaults\velocity.properties
2020-11-29 10:53:37,459 - Trying to use logger class org.apache.velocity.runtime.log.SimpleLog4JLogSystem
2020-11-29 10:53:37,459 - Using logger class org.apache.velocity.runtime.log.SimpleLog4JLogSystem
2020-11-29 10:53:37,461 - Default ResourceManager initializing. (class org.apache.velocity.runtime.resource.ResourceManagerImpl)
2020-11-29 10:53:37,461 - Resource Loader Instantiated: org.apache.velocity.runtime.resource.loader.ClasspathResourceLoader
2020-11-29 10:53:37,461 - ClasspathResourceLoader : initialization starting.
2020-11-29 10:53:37,461 - ClasspathResourceLoader : initialization complete.
2020-11-29 10:53:37,477 - ResourceCache : initialized. (class org.apache.velocity.runtime.resource.ResourceCacheImpl)
2020-11-29 10:53:37,477 - Default ResourceManager initialization complete.
2020-11-29 10:53:37,485 - Loaded System Directive: org.apache.velocity.runtime.directive.Literal
2020-11-29 10:53:37,485 - Loaded System Directive: org.apache.velocity.runtime.directive.Macro
2020-11-29 10:53:37,485 - Loaded System Directive: org.apache.velocity.runtime.directive.Parse
2020-11-29 10:53:37,501 - Loaded System Directive: org.apache.velocity.runtime.directive.Include
2020-11-29 10:53:37,502 - Loaded System Directive: org.apache.velocity.runtime.directive.Foreach
2020-11-29 10:53:37,535 - Created: 20 parsers.
2020-11-29 10:53:37,556 - Velocimacro : initialization starting.
2020-11-29 10:53:37,559 - Velocimacro : adding VMs from VM library template : VM_global_library.vm
2020-11-29 10:53:37,560 - ResourceManager : unable to find resource 'VM_global_library.vm' in any resource loader.
2020-11-29 10:53:37,560 - Velocimacro : error using  VM library template VM_global_library.vm : org.apache.velocity.exception.ResourceNotFoundException: Unable to find resource 'VM_global_library.vm'
2020-11-29 10:53:37,560 - Velocimacro :  VM library template macro registration complete.
2020-11-29 10:53:37,560 - Velocimacro : allowInline = true : VMs can be defined inline in templates
2020-11-29 10:53:37,560 - Velocimacro : allowInlineToOverride = false : VMs defined inline may NOT replace previous VM definitions
2020-11-29 10:53:37,560 - Velocimacro : allowInlineLocal = false : VMs defined inline will be  global in scope if allowed.
2020-11-29 10:53:37,570 - Velocimacro : messages on  : VM system will output logging messages
2020-11-29 10:53:37,570 - Velocimacro : autoload off  : VM system will not automatically reload global library macros
2020-11-29 10:53:37,570 - Velocimacro : initialization complete.
2020-11-29 10:53:37,570 - Velocity successfully started.
2020-11-29 11:43:36,371 - SimpleLog4JLogSystem initialized using logfile 'velocity.log'
2020-11-29 11:43:36,371 - ************************************************************** 
2020-11-29 11:43:36,371 - Starting Jakarta Velocity v1.4
2020-11-29 11:43:36,371 - RuntimeInstance initializing.
2020-11-29 11:43:36,371 - Default Properties File: org\apache\velocity\runtime\defaults\velocity.properties
2020-11-29 11:43:36,371 - Trying to use logger class org.apache.velocity.runtime.log.SimpleLog4JLogSystem
2020-11-29 11:43:36,375 - Using logger class org.apache.velocity.runtime.log.SimpleLog4JLogSystem
2020-11-29 11:43:36,377 - Default ResourceManager initializing. (class org.apache.velocity.runtime.resource.ResourceManagerImpl)
2020-11-29 11:43:36,377 - Resource Loader Instantiated: org.apache.velocity.runtime.resource.loader.ClasspathResourceLoader
2020-11-29 11:43:36,377 - ClasspathResourceLoader : initialization starting.
2020-11-29 11:43:36,377 - ClasspathResourceLoader : initialization complete.
2020-11-29 11:43:36,377 - ResourceCache : initialized. (class org.apache.velocity.runtime.resource.ResourceCacheImpl)
2020-11-29 11:43:36,377 - Default ResourceManager initialization complete.
2020-11-29 11:43:36,391 - Loaded System Directive: org.apache.velocity.runtime.directive.Literal
2020-11-29 11:43:36,391 - Loaded System Directive: org.apache.velocity.runtime.directive.Macro
2020-11-29 11:43:36,402 - Loaded System Directive: org.apache.velocity.runtime.directive.Parse
2020-11-29 11:43:36,408 - Loaded System Directive: org.apache.velocity.runtime.directive.Include
2020-11-29 11:43:36,408 - Loaded System Directive: org.apache.velocity.runtime.directive.Foreach
2020-11-29 11:43:36,440 - Created: 20 parsers.
2020-11-29 11:43:36,455 - Velocimacro : initialization starting.
2020-11-29 11:43:36,455 - Velocimacro : adding VMs from VM library template : VM_global_library.vm
2020-11-29 11:43:36,473 - ResourceManager : unable to find resource 'VM_global_library.vm' in any resource loader.
2020-11-29 11:43:36,473 - Velocimacro : error using  VM library template VM_global_library.vm : org.apache.velocity.exception.ResourceNotFoundException: Unable to find resource 'VM_global_library.vm'
2020-11-29 11:43:36,473 - Velocimacro :  VM library template macro registration complete.
2020-11-29 11:43:36,473 - Velocimacro : allowInline = true : VMs can be defined inline in templates
2020-11-29 11:43:36,473 - Velocimacro : allowInlineToOverride = false : VMs defined inline may NOT replace previous VM definitions
2020-11-29 11:43:36,473 - Velocimacro : allowInlineLocal = false : VMs defined inline will be  global in scope if allowed.
2020-11-29 11:43:36,473 - Velocimacro : messages on  : VM system will output logging messages
2020-11-29 11:43:36,473 - Velocimacro : autoload off  : VM system will not automatically reload global library macros
2020-11-29 11:43:36,473 - Velocimacro : initialization complete.
2020-11-29 11:43:36,473 - Velocity successfully started.
2020-11-29 12:00:25,076 - SimpleLog4JLogSystem initialized using logfile 'velocity.log'
2020-11-29 12:00:25,077 - ************************************************************** 
2020-11-29 12:00:25,077 - Starting Jakarta Velocity v1.4
2020-11-29 12:00:25,077 - RuntimeInstance initializing.
2020-11-29 12:00:25,077 - Default Properties File: org\apache\velocity\runtime\defaults\velocity.properties
2020-11-29 12:00:25,077 - Trying to use logger class org.apache.velocity.runtime.log.SimpleLog4JLogSystem
2020-11-29 12:00:25,077 - Using logger class org.apache.velocity.runtime.log.SimpleLog4JLogSystem
2020-11-29 12:00:25,085 - Default ResourceManager initializing. (class org.apache.velocity.runtime.resource.ResourceManagerImpl)
2020-11-29 12:00:25,089 - Resource Loader Instantiated: org.apache.velocity.runtime.resource.loader.ClasspathResourceLoader
2020-11-29 12:00:25,089 - ClasspathResourceLoader : initialization starting.
2020-11-29 12:00:25,089 - ClasspathResourceLoader : initialization complete.
2020-11-29 12:00:25,089 - ResourceCache : initialized. (class org.apache.velocity.runtime.resource.ResourceCacheImpl)
2020-11-29 12:00:25,089 - Default ResourceManager initialization complete.
2020-11-29 12:00:25,096 - Loaded System Directive: org.apache.velocity.runtime.directive.Literal
2020-11-29 12:00:25,096 - Loaded System Directive: org.apache.velocity.runtime.directive.Macro
2020-11-29 12:00:25,107 - Loaded System Directive: org.apache.velocity.runtime.directive.Parse
2020-11-29 12:00:25,114 - Loaded System Directive: org.apache.velocity.runtime.directive.Include
2020-11-29 12:00:25,114 - Loaded System Directive: org.apache.velocity.runtime.directive.Foreach
2020-11-29 12:00:25,146 - Created: 20 parsers.
2020-11-29 12:00:25,162 - Velocimacro : initialization starting.
2020-11-29 12:00:25,162 - Velocimacro : adding VMs from VM library template : VM_global_library.vm
2020-11-29 12:00:25,162 - ResourceManager : unable to find resource 'VM_global_library.vm' in any resource loader.
2020-11-29 12:00:25,162 - Velocimacro : error using  VM library template VM_global_library.vm : org.apache.velocity.exception.ResourceNotFoundException: Unable to find resource 'VM_global_library.vm'
2020-11-29 12:00:25,162 - Velocimacro :  VM library template macro registration complete.
2020-11-29 12:00:25,162 - Velocimacro : allowInline = true : VMs can be defined inline in templates
2020-11-29 12:00:25,162 - Velocimacro : allowInlineToOverride = false : VMs defined inline may NOT replace previous VM definitions
2020-11-29 12:00:25,162 - Velocimacro : allowInlineLocal = false : VMs defined inline will be  global in scope if allowed.
2020-11-29 12:00:25,162 - Velocimacro : messages on  : VM system will output logging messages
2020-11-29 12:00:25,162 - Velocimacro : autoload off  : VM system will not automatically reload global library macros
2020-11-29 12:00:25,162 - Velocimacro : initialization complete.
2020-11-29 12:00:25,162 - Velocity successfully started.
2020-11-29 14:23:30,323 - SimpleLog4JLogSystem initialized using logfile 'velocity.log'
2020-11-29 14:23:30,323 - ************************************************************** 
2020-11-29 14:23:30,323 - Starting Jakarta Velocity v1.4
2020-11-29 14:23:30,323 - RuntimeInstance initializing.
2020-11-29 14:23:30,323 - Default Properties File: org\apache\velocity\runtime\defaults\velocity.properties
2020-11-29 14:23:30,323 - Trying to use logger class org.apache.velocity.runtime.log.SimpleLog4JLogSystem
2020-11-29 14:23:30,330 - Using logger class org.apache.velocity.runtime.log.SimpleLog4JLogSystem
2020-11-29 14:23:30,341 - Default ResourceManager initializing. (class org.apache.velocity.runtime.resource.ResourceManagerImpl)
2020-11-29 14:23:30,341 - Resource Loader Instantiated: org.apache.velocity.runtime.resource.loader.ClasspathResourceLoader
2020-11-29 14:23:30,341 - ClasspathResourceLoader : initialization starting.
2020-11-29 14:23:30,341 - ClasspathResourceLoader : initialization complete.
2020-11-29 14:23:30,341 - ResourceCache : initialized. (class org.apache.velocity.runtime.resource.ResourceCacheImpl)
2020-11-29 14:23:30,341 - Default ResourceManager initialization complete.
2020-11-29 14:23:30,356 - Loaded System Directive: org.apache.velocity.runtime.directive.Literal
2020-11-29 14:23:30,356 - Loaded System Directive: org.apache.velocity.runtime.directive.Macro
2020-11-29 14:23:30,356 - Loaded System Directive: org.apache.velocity.runtime.directive.Parse
2020-11-29 14:23:30,371 - Loaded System Directive: org.apache.velocity.runtime.directive.Include
2020-11-29 14:23:30,372 - Loaded System Directive: org.apache.velocity.runtime.directive.Foreach
2020-11-29 14:23:30,407 - Created: 20 parsers.
2020-11-29 14:23:30,423 - Velocimacro : initialization starting.
2020-11-29 14:23:30,423 - Velocimacro : adding VMs from VM library template : VM_global_library.vm
2020-11-29 14:23:30,423 - ResourceManager : unable to find resource 'VM_global_library.vm' in any resource loader.
2020-11-29 14:23:30,423 - Velocimacro : error using  VM library template VM_global_library.vm : org.apache.velocity.exception.ResourceNotFoundException: Unable to find resource 'VM_global_library.vm'
2020-11-29 14:23:30,423 - Velocimacro :  VM library template macro registration complete.
2020-11-29 14:23:30,423 - Velocimacro : allowInline = true : VMs can be defined inline in templates
2020-11-29 14:23:30,423 - Velocimacro : allowInlineToOverride = false : VMs defined inline may NOT replace previous VM definitions
2020-11-29 14:23:30,423 - Velocimacro : allowInlineLocal = false : VMs defined inline will be  global in scope if allowed.
2020-11-29 14:23:30,423 - Velocimacro : messages on  : VM system will output logging messages
2020-11-29 14:23:30,423 - Velocimacro : autoload off  : VM system will not automatically reload global library macros
2020-11-29 14:23:30,423 - Velocimacro : initialization complete.
2020-11-29 14:23:30,423 - Velocity successfully started.
2020-11-29 14:45:30,914 - SimpleLog4JLogSystem initialized using logfile 'velocity.log'
2020-11-29 14:45:30,914 - ************************************************************** 
2020-11-29 14:45:30,914 - Starting Jakarta Velocity v1.4
2020-11-29 14:45:30,914 - RuntimeInstance initializing.
2020-11-29 14:45:30,914 - Default Properties File: org\apache\velocity\runtime\defaults\velocity.properties
2020-11-29 14:45:30,914 - Trying to use logger class org.apache.velocity.runtime.log.SimpleLog4JLogSystem
2020-11-29 14:45:30,914 - Using logger class org.apache.velocity.runtime.log.SimpleLog4JLogSystem
2020-11-29 14:45:30,914 - Default ResourceManager initializing. (class org.apache.velocity.runtime.resource.ResourceManagerImpl)
2020-11-29 14:45:30,931 - Resource Loader Instantiated: org.apache.velocity.runtime.resource.loader.ClasspathResourceLoader
2020-11-29 14:45:30,931 - ClasspathResourceLoader : initialization starting.
2020-11-29 14:45:30,931 - ClasspathResourceLoader : initialization complete.
2020-11-29 14:45:30,931 - ResourceCache : initialized. (class org.apache.velocity.runtime.resource.ResourceCacheImpl)
2020-11-29 14:45:30,931 - Default ResourceManager initialization complete.
2020-11-29 14:45:30,946 - Loaded System Directive: org.apache.velocity.runtime.directive.Literal
2020-11-29 14:45:30,946 - Loaded System Directive: org.apache.velocity.runtime.directive.Macro
2020-11-29 14:45:30,946 - Loaded System Directive: org.apache.velocity.runtime.directive.Parse
2020-11-29 14:45:30,962 - Loaded System Directive: org.apache.velocity.runtime.directive.Include
2020-11-29 14:45:30,963 - Loaded System Directive: org.apache.velocity.runtime.directive.Foreach
2020-11-29 14:45:30,996 - Created: 20 parsers.
2020-11-29 14:45:31,011 - Velocimacro : initialization starting.
2020-11-29 14:45:31,014 - Velocimacro : adding VMs from VM library template : VM_global_library.vm
2020-11-29 14:45:31,015 - ResourceManager : unable to find resource 'VM_global_library.vm' in any resource loader.
2020-11-29 14:45:31,015 - Velocimacro : error using  VM library template VM_global_library.vm : org.apache.velocity.exception.ResourceNotFoundException: Unable to find resource 'VM_global_library.vm'
2020-11-29 14:45:31,015 - Velocimacro :  VM library template macro registration complete.
2020-11-29 14:45:31,015 - Velocimacro : allowInline = true : VMs can be defined inline in templates
2020-11-29 14:45:31,015 - Velocimacro : allowInlineToOverride = false : VMs defined inline may NOT replace previous VM definitions
2020-11-29 14:45:31,015 - Velocimacro : allowInlineLocal = false : VMs defined inline will be  global in scope if allowed.
2020-11-29 14:45:31,015 - Velocimacro : messages on  : VM system will output logging messages
2020-11-29 14:45:31,015 - Velocimacro : autoload off  : VM system will not automatically reload global library macros
2020-11-29 14:45:31,015 - Velocimacro : initialization complete.
2020-11-29 14:45:31,015 - Velocity successfully started.
2020-11-29 14:54:31,559 - SimpleLog4JLogSystem initialized using logfile 'velocity.log'
2020-11-29 14:54:31,559 - ************************************************************** 
2020-11-29 14:54:31,559 - Starting Jakarta Velocity v1.4
2020-11-29 14:54:31,559 - RuntimeInstance initializing.
2020-11-29 14:54:31,559 - Default Properties File: org\apache\velocity\runtime\defaults\velocity.properties
2020-11-29 14:54:31,559 - Trying to use logger class org.apache.velocity.runtime.log.SimpleLog4JLogSystem
2020-11-29 14:54:31,559 - Using logger class org.apache.velocity.runtime.log.SimpleLog4JLogSystem
2020-11-29 14:54:31,564 - Default ResourceManager initializing. (class org.apache.velocity.runtime.resource.ResourceManagerImpl)
2020-11-29 14:54:31,564 - Resource Loader Instantiated: org.apache.velocity.runtime.resource.loader.ClasspathResourceLoader
2020-11-29 14:54:31,564 - ClasspathResourceLoader : initialization starting.
2020-11-29 14:54:31,564 - ClasspathResourceLoader : initialization complete.
2020-11-29 14:54:31,580 - ResourceCache : initialized. (class org.apache.velocity.runtime.resource.ResourceCacheImpl)
2020-11-29 14:54:31,580 - Default ResourceManager initialization complete.
2020-11-29 14:54:31,581 - Loaded System Directive: org.apache.velocity.runtime.directive.Literal
2020-11-29 14:54:31,581 - Loaded System Directive: org.apache.velocity.runtime.directive.Macro
2020-11-29 14:54:31,593 - Loaded System Directive: org.apache.velocity.runtime.directive.Parse
2020-11-29 14:54:31,593 - Loaded System Directive: org.apache.velocity.runtime.directive.Include
2020-11-29 14:54:31,593 - Loaded System Directive: org.apache.velocity.runtime.directive.Foreach
2020-11-29 14:54:31,640 - Created: 20 parsers.
2020-11-29 14:54:31,656 - Velocimacro : initialization starting.
2020-11-29 14:54:31,656 - Velocimacro : adding VMs from VM library template : VM_global_library.vm
2020-11-29 14:54:31,671 - ResourceManager : unable to find resource 'VM_global_library.vm' in any resource loader.
2020-11-29 14:54:31,671 - Velocimacro : error using  VM library template VM_global_library.vm : org.apache.velocity.exception.ResourceNotFoundException: Unable to find resource 'VM_global_library.vm'
2020-11-29 14:54:31,671 - Velocimacro :  VM library template macro registration complete.
2020-11-29 14:54:31,671 - Velocimacro : allowInline = true : VMs can be defined inline in templates
2020-11-29 14:54:31,671 - Velocimacro : allowInlineToOverride = false : VMs defined inline may NOT replace previous VM definitions
2020-11-29 14:54:31,671 - Velocimacro : allowInlineLocal = false : VMs defined inline will be  global in scope if allowed.
2020-11-29 14:54:31,671 - Velocimacro : messages on  : VM system will output logging messages
2020-11-29 14:54:31,671 - Velocimacro : autoload off  : VM system will not automatically reload global library macros
2020-11-29 14:54:31,671 - Velocimacro : initialization complete.
2020-11-29 14:54:31,671 - Velocity successfully started.
2020-11-29 15:29:49,331 - SimpleLog4JLogSystem initialized using logfile 'velocity.log'
2020-11-29 15:29:49,331 - ************************************************************** 
2020-11-29 15:29:49,331 - Starting Jakarta Velocity v1.4
2020-11-29 15:29:49,331 - RuntimeInstance initializing.
2020-11-29 15:29:49,331 - Default Properties File: org\apache\velocity\runtime\defaults\velocity.properties
2020-11-29 15:29:49,331 - Trying to use logger class org.apache.velocity.runtime.log.SimpleLog4JLogSystem
2020-11-29 15:29:49,331 - Using logger class org.apache.velocity.runtime.log.SimpleLog4JLogSystem
2020-11-29 15:29:49,336 - Default ResourceManager initializing. (class org.apache.velocity.runtime.resource.ResourceManagerImpl)
2020-11-29 15:29:49,342 - Resource Loader Instantiated: org.apache.velocity.runtime.resource.loader.ClasspathResourceLoader
2020-11-29 15:29:49,342 - ClasspathResourceLoader : initialization starting.
2020-11-29 15:29:49,342 - ClasspathResourceLoader : initialization complete.
2020-11-29 15:29:49,345 - ResourceCache : initialized. (class org.apache.velocity.runtime.resource.ResourceCacheImpl)
2020-11-29 15:29:49,345 - Default ResourceManager initialization complete.
2020-11-29 15:29:49,352 - Loaded System Directive: org.apache.velocity.runtime.directive.Literal
2020-11-29 15:29:49,355 - Loaded System Directive: org.apache.velocity.runtime.directive.Macro
2020-11-29 15:29:49,361 - Loaded System Directive: org.apache.velocity.runtime.directive.Parse
2020-11-29 15:29:49,364 - Loaded System Directive: org.apache.velocity.runtime.directive.Include
2020-11-29 15:29:49,366 - Loaded System Directive: org.apache.velocity.runtime.directive.Foreach
2020-11-29 15:29:49,402 - Created: 20 parsers.
2020-11-29 15:29:49,417 - Velocimacro : initialization starting.
2020-11-29 15:29:49,417 - Velocimacro : adding VMs from VM library template : VM_global_library.vm
2020-11-29 15:29:49,427 - ResourceManager : unable to find resource 'VM_global_library.vm' in any resource loader.
2020-11-29 15:29:49,427 - Velocimacro : error using  VM library template VM_global_library.vm : org.apache.velocity.exception.ResourceNotFoundException: Unable to find resource 'VM_global_library.vm'
2020-11-29 15:29:49,427 - Velocimacro :  VM library template macro registration complete.
2020-11-29 15:29:49,427 - Velocimacro : allowInline = true : VMs can be defined inline in templates
2020-11-29 15:29:49,427 - Velocimacro : allowInlineToOverride = false : VMs defined inline may NOT replace previous VM definitions
2020-11-29 15:29:49,427 - Velocimacro : allowInlineLocal = false : VMs defined inline will be  global in scope if allowed.
2020-11-29 15:29:49,427 - Velocimacro : messages on  : VM system will output logging messages
2020-11-29 15:29:49,427 - Velocimacro : autoload off  : VM system will not automatically reload global library macros
2020-11-29 15:29:49,427 - Velocimacro : initialization complete.
2020-11-29 15:29:49,427 - Velocity successfully started.
2020-11-29 15:38:33,125 - SimpleLog4JLogSystem initialized using logfile 'velocity.log'
2020-11-29 15:38:33,125 - ************************************************************** 
2020-11-29 15:38:33,125 - Starting Jakarta Velocity v1.4
2020-11-29 15:38:33,126 - RuntimeInstance initializing.
2020-11-29 15:38:33,126 - Default Properties File: org\apache\velocity\runtime\defaults\velocity.properties
2020-11-29 15:38:33,126 - Trying to use logger class org.apache.velocity.runtime.log.SimpleLog4JLogSystem
2020-11-29 15:38:33,126 - Using logger class org.apache.velocity.runtime.log.SimpleLog4JLogSystem
2020-11-29 15:38:33,131 - Default ResourceManager initializing. (class org.apache.velocity.runtime.resource.ResourceManagerImpl)
2020-11-29 15:38:33,136 - Resource Loader Instantiated: org.apache.velocity.runtime.resource.loader.ClasspathResourceLoader
2020-11-29 15:38:33,136 - ClasspathResourceLoader : initialization starting.
2020-11-29 15:38:33,136 - ClasspathResourceLoader : initialization complete.
2020-11-29 15:38:33,140 - ResourceCache : initialized. (class org.apache.velocity.runtime.resource.ResourceCacheImpl)
2020-11-29 15:38:33,140 - Default ResourceManager initialization complete.
2020-11-29 15:38:33,147 - Loaded System Directive: org.apache.velocity.runtime.directive.Literal
2020-11-29 15:38:33,150 - Loaded System Directive: org.apache.velocity.runtime.directive.Macro
2020-11-29 15:38:33,156 - Loaded System Directive: org.apache.velocity.runtime.directive.Parse
2020-11-29 15:38:33,159 - Loaded System Directive: org.apache.velocity.runtime.directive.Include
2020-11-29 15:38:33,161 - Loaded System Directive: org.apache.velocity.runtime.directive.Foreach
2020-11-29 15:38:33,197 - Created: 20 parsers.
2020-11-29 15:38:33,211 - Velocimacro : initialization starting.
2020-11-29 15:38:33,212 - Velocimacro : adding VMs from VM library template : VM_global_library.vm
2020-11-29 15:38:33,221 - ResourceManager : unable to find resource 'VM_global_library.vm' in any resource loader.
2020-11-29 15:38:33,221 - Velocimacro : error using  VM library template VM_global_library.vm : org.apache.velocity.exception.ResourceNotFoundException: Unable to find resource 'VM_global_library.vm'
2020-11-29 15:38:33,221 - Velocimacro :  VM library template macro registration complete.
2020-11-29 15:38:33,221 - Velocimacro : allowInline = true : VMs can be defined inline in templates
2020-11-29 15:38:33,221 - Velocimacro : allowInlineToOverride = false : VMs defined inline may NOT replace previous VM definitions
2020-11-29 15:38:33,221 - Velocimacro : allowInlineLocal = false : VMs defined inline will be  global in scope if allowed.
2020-11-29 15:38:33,221 - Velocimacro : messages on  : VM system will output logging messages
2020-11-29 15:38:33,221 - Velocimacro : autoload off  : VM system will not automatically reload global library macros
2020-11-29 15:38:33,221 - Velocimacro : initialization complete.
2020-11-29 15:38:33,221 - Velocity successfully started.
2020-11-29 16:33:54,219 - SimpleLog4JLogSystem initialized using logfile 'velocity.log'
2020-11-29 16:33:54,219 - ************************************************************** 
2020-11-29 16:33:54,219 - Starting Jakarta Velocity v1.4
2020-11-29 16:33:54,219 - RuntimeInstance initializing.
2020-11-29 16:33:54,219 - Default Properties File: org\apache\velocity\runtime\defaults\velocity.properties
2020-11-29 16:33:54,219 - Trying to use logger class org.apache.velocity.runtime.log.SimpleLog4JLogSystem
2020-11-29 16:33:54,220 - Using logger class org.apache.velocity.runtime.log.SimpleLog4JLogSystem
2020-11-29 16:33:54,225 - Default ResourceManager initializing. (class org.apache.velocity.runtime.resource.ResourceManagerImpl)
2020-11-29 16:33:54,235 - Resource Loader Instantiated: org.apache.velocity.runtime.resource.loader.ClasspathResourceLoader
2020-11-29 16:33:54,235 - ClasspathResourceLoader : initialization starting.
2020-11-29 16:33:54,235 - ClasspathResourceLoader : initialization complete.
2020-11-29 16:33:54,238 - ResourceCache : initialized. (class org.apache.velocity.runtime.resource.ResourceCacheImpl)
2020-11-29 16:33:54,238 - Default ResourceManager initialization complete.
2020-11-29 16:33:54,244 - Loaded System Directive: org.apache.velocity.runtime.directive.Literal
2020-11-29 16:33:54,248 - Loaded System Directive: org.apache.velocity.runtime.directive.Macro
2020-11-29 16:33:54,253 - Loaded System Directive: org.apache.velocity.runtime.directive.Parse
2020-11-29 16:33:54,256 - Loaded System Directive: org.apache.velocity.runtime.directive.Include
2020-11-29 16:33:54,258 - Loaded System Directive: org.apache.velocity.runtime.directive.Foreach
2020-11-29 16:33:54,293 - Created: 20 parsers.
2020-11-29 16:33:54,307 - Velocimacro : initialization starting.
2020-11-29 16:33:54,307 - Velocimacro : adding VMs from VM library template : VM_global_library.vm
2020-11-29 16:33:54,317 - ResourceManager : unable to find resource 'VM_global_library.vm' in any resource loader.
2020-11-29 16:33:54,317 - Velocimacro : error using  VM library template VM_global_library.vm : org.apache.velocity.exception.ResourceNotFoundException: Unable to find resource 'VM_global_library.vm'
2020-11-29 16:33:54,317 - Velocimacro :  VM library template macro registration complete.
2020-11-29 16:33:54,317 - Velocimacro : allowInline = true : VMs can be defined inline in templates
2020-11-29 16:33:54,317 - Velocimacro : allowInlineToOverride = false : VMs defined inline may NOT replace previous VM definitions
2020-11-29 16:33:54,317 - Velocimacro : allowInlineLocal = false : VMs defined inline will be  global in scope if allowed.
2020-11-29 16:33:54,317 - Velocimacro : messages on  : VM system will output logging messages
2020-11-29 16:33:54,317 - Velocimacro : autoload off  : VM system will not automatically reload global library macros
2020-11-29 16:33:54,317 - Velocimacro : initialization complete.
2020-11-29 16:33:54,317 - Velocity successfully started.
2020-11-29 18:20:04,468 - SimpleLog4JLogSystem initialized using logfile 'velocity.log'
2020-11-29 18:20:04,468 - ************************************************************** 
2020-11-29 18:20:04,468 - Starting Jakarta Velocity v1.4
2020-11-29 18:20:04,468 - RuntimeInstance initializing.
2020-11-29 18:20:04,468 - Default Properties File: org\apache\velocity\runtime\defaults\velocity.properties
2020-11-29 18:20:04,468 - Trying to use logger class org.apache.velocity.runtime.log.SimpleLog4JLogSystem
2020-11-29 18:20:04,468 - Using logger class org.apache.velocity.runtime.log.SimpleLog4JLogSystem
2020-11-29 18:20:04,478 - Default ResourceManager initializing. (class org.apache.velocity.runtime.resource.ResourceManagerImpl)
2020-11-29 18:20:04,483 - Resource Loader Instantiated: org.apache.velocity.runtime.resource.loader.ClasspathResourceLoader
2020-11-29 18:20:04,483 - ClasspathResourceLoader : initialization starting.
2020-11-29 18:20:04,483 - ClasspathResourceLoader : initialization complete.
2020-11-29 18:20:04,487 - ResourceCache : initialized. (class org.apache.velocity.runtime.resource.ResourceCacheImpl)
2020-11-29 18:20:04,487 - Default ResourceManager initialization complete.
2020-11-29 18:20:04,497 - Loaded System Directive: org.apache.velocity.runtime.directive.Literal
2020-11-29 18:20:04,505 - Loaded System Directive: org.apache.velocity.runtime.directive.Macro
2020-11-29 18:20:04,517 - Loaded System Directive: org.apache.velocity.runtime.directive.Parse
2020-11-29 18:20:04,523 - Loaded System Directive: org.apache.velocity.runtime.directive.Include
2020-11-29 18:20:04,526 - Loaded System Directive: org.apache.velocity.runtime.directive.Foreach
2020-11-29 18:20:04,562 - Created: 20 parsers.
2020-11-29 18:20:04,577 - Velocimacro : initialization starting.
2020-11-29 18:20:04,577 - Velocimacro : adding VMs from VM library template : VM_global_library.vm
2020-11-29 18:20:04,587 - ResourceManager : unable to find resource 'VM_global_library.vm' in any resource loader.
2020-11-29 18:20:04,587 - Velocimacro : error using  VM library template VM_global_library.vm : org.apache.velocity.exception.ResourceNotFoundException: Unable to find resource 'VM_global_library.vm'
2020-11-29 18:20:04,587 - Velocimacro :  VM library template macro registration complete.
2020-11-29 18:20:04,587 - Velocimacro : allowInline = true : VMs can be defined inline in templates
2020-11-29 18:20:04,587 - Velocimacro : allowInlineToOverride = false : VMs defined inline may NOT replace previous VM definitions
2020-11-29 18:20:04,587 - Velocimacro : allowInlineLocal = false : VMs defined inline will be  global in scope if allowed.
2020-11-29 18:20:04,587 - Velocimacro : messages on  : VM system will output logging messages
2020-11-29 18:20:04,587 - Velocimacro : autoload off  : VM system will not automatically reload global library macros
2020-11-29 18:20:04,587 - Velocimacro : initialization complete.
2020-11-29 18:20:04,587 - Velocity successfully started.
2020-11-29 18:21:22,946 - SimpleLog4JLogSystem initialized using logfile 'velocity.log'
2020-11-29 18:21:22,947 - ************************************************************** 
2020-11-29 18:21:22,947 - Starting Jakarta Velocity v1.4
2020-11-29 18:21:22,947 - RuntimeInstance initializing.
2020-11-29 18:21:22,947 - Default Properties File: org\apache\velocity\runtime\defaults\velocity.properties
2020-11-29 18:21:22,947 - Trying to use logger class org.apache.velocity.runtime.log.SimpleLog4JLogSystem
2020-11-29 18:21:22,947 - Using logger class org.apache.velocity.runtime.log.SimpleLog4JLogSystem
2020-11-29 18:21:22,952 - Default ResourceManager initializing. (class org.apache.velocity.runtime.resource.ResourceManagerImpl)
2020-11-29 18:21:22,962 - Resource Loader Instantiated: org.apache.velocity.runtime.resource.loader.ClasspathResourceLoader
2020-11-29 18:21:22,962 - ClasspathResourceLoader : initialization starting.
2020-11-29 18:21:22,962 - ClasspathResourceLoader : initialization complete.
2020-11-29 18:21:22,966 - ResourceCache : initialized. (class org.apache.velocity.runtime.resource.ResourceCacheImpl)
2020-11-29 18:21:22,966 - Default ResourceManager initialization complete.
2020-11-29 18:21:22,972 - Loaded System Directive: org.apache.velocity.runtime.directive.Literal
2020-11-29 18:21:22,975 - Loaded System Directive: org.apache.velocity.runtime.directive.Macro
2020-11-29 18:21:22,980 - Loaded System Directive: org.apache.velocity.runtime.directive.Parse
2020-11-29 18:21:22,984 - Loaded System Directive: org.apache.velocity.runtime.directive.Include
2020-11-29 18:21:22,986 - Loaded System Directive: org.apache.velocity.runtime.directive.Foreach
2020-11-29 18:21:23,020 - Created: 20 parsers.
2020-11-29 18:21:23,033 - Velocimacro : initialization starting.
2020-11-29 18:21:23,033 - Velocimacro : adding VMs from VM library template : VM_global_library.vm
2020-11-29 18:21:23,042 - ResourceManager : unable to find resource 'VM_global_library.vm' in any resource loader.
2020-11-29 18:21:23,043 - Velocimacro : error using  VM library template VM_global_library.vm : org.apache.velocity.exception.ResourceNotFoundException: Unable to find resource 'VM_global_library.vm'
2020-11-29 18:21:23,043 - Velocimacro :  VM library template macro registration complete.
2020-11-29 18:21:23,043 - Velocimacro : allowInline = true : VMs can be defined inline in templates
2020-11-29 18:21:23,043 - Velocimacro : allowInlineToOverride = false : VMs defined inline may NOT replace previous VM definitions
2020-11-29 18:21:23,043 - Velocimacro : allowInlineLocal = false : VMs defined inline will be  global in scope if allowed.
2020-11-29 18:21:23,043 - Velocimacro : messages on  : VM system will output logging messages
2020-11-29 18:21:23,043 - Velocimacro : autoload off  : VM system will not automatically reload global library macros
2020-11-29 18:21:23,043 - Velocimacro : initialization complete.
2020-11-29 18:21:23,043 - Velocity successfully started.
2020-11-29 18:26:30,347 - SimpleLog4JLogSystem initialized using logfile 'velocity.log'
2020-11-29 18:26:30,347 - ************************************************************** 
2020-11-29 18:26:30,347 - Starting Jakarta Velocity v1.4
2020-11-29 18:26:30,347 - RuntimeInstance initializing.
2020-11-29 18:26:30,347 - Default Properties File: org\apache\velocity\runtime\defaults\velocity.properties
2020-11-29 18:26:30,347 - Trying to use logger class org.apache.velocity.runtime.log.SimpleLog4JLogSystem
2020-11-29 18:26:30,347 - Using logger class org.apache.velocity.runtime.log.SimpleLog4JLogSystem
2020-11-29 18:26:30,353 - Default ResourceManager initializing. (class org.apache.velocity.runtime.resource.ResourceManagerImpl)
2020-11-29 18:26:30,358 - Resource Loader Instantiated: org.apache.velocity.runtime.resource.loader.ClasspathResourceLoader
2020-11-29 18:26:30,358 - ClasspathResourceLoader : initialization starting.
2020-11-29 18:26:30,358 - ClasspathResourceLoader : initialization complete.
2020-11-29 18:26:30,362 - ResourceCache : initialized. (class org.apache.velocity.runtime.resource.ResourceCacheImpl)
2020-11-29 18:26:30,362 - Default ResourceManager initialization complete.
2020-11-29 18:26:30,372 - Loaded System Directive: org.apache.velocity.runtime.directive.Literal
2020-11-29 18:26:30,375 - Loaded System Directive: org.apache.velocity.runtime.directive.Macro
2020-11-29 18:26:30,381 - Loaded System Directive: org.apache.velocity.runtime.directive.Parse
2020-11-29 18:26:30,384 - Loaded System Directive: org.apache.velocity.runtime.directive.Include
2020-11-29 18:26:30,386 - Loaded System Directive: org.apache.velocity.runtime.directive.Foreach
2020-11-29 18:26:30,422 - Created: 20 parsers.
2020-11-29 18:26:30,437 - Velocimacro : initialization starting.
2020-11-29 18:26:30,437 - Velocimacro : adding VMs from VM library template : VM_global_library.vm
2020-11-29 18:26:30,445 - ResourceManager : unable to find resource 'VM_global_library.vm' in any resource loader.
2020-11-29 18:26:30,445 - Velocimacro : error using  VM library template VM_global_library.vm : org.apache.velocity.exception.ResourceNotFoundException: Unable to find resource 'VM_global_library.vm'
2020-11-29 18:26:30,445 - Velocimacro :  VM library template macro registration complete.
2020-11-29 18:26:30,445 - Velocimacro : allowInline = true : VMs can be defined inline in templates
2020-11-29 18:26:30,446 - Velocimacro : allowInlineToOverride = false : VMs defined inline may NOT replace previous VM definitions
2020-11-29 18:26:30,446 - Velocimacro : allowInlineLocal = false : VMs defined inline will be  global in scope if allowed.
2020-11-29 18:26:30,446 - Velocimacro : messages on  : VM system will output logging messages
2020-11-29 18:26:30,446 - Velocimacro : autoload off  : VM system will not automatically reload global library macros
2020-11-29 18:26:30,446 - Velocimacro : initialization complete.
2020-11-29 18:26:30,446 - Velocity successfully started.
2020-11-29 18:26:54,505 - ResourceManager : found repast/simphony/scenario/Scenario.vt with loader org.apache.velocity.runtime.resource.loader.ClasspathResourceLoader
2020-11-29 19:05:31,487 - SimpleLog4JLogSystem initialized using logfile 'velocity.log'
2020-11-29 19:05:31,487 - ************************************************************** 
2020-11-29 19:05:31,487 - Starting Jakarta Velocity v1.4
2020-11-29 19:05:31,487 - RuntimeInstance initializing.
2020-11-29 19:05:31,487 - Default Properties File: org\apache\velocity\runtime\defaults\velocity.properties
2020-11-29 19:05:31,487 - Trying to use logger class org.apache.velocity.runtime.log.SimpleLog4JLogSystem
2020-11-29 19:05:31,487 - Using logger class org.apache.velocity.runtime.log.SimpleLog4JLogSystem
2020-11-29 19:05:31,502 - Default ResourceManager initializing. (class org.apache.velocity.runtime.resource.ResourceManagerImpl)
2020-11-29 19:05:31,502 - Resource Loader Instantiated: org.apache.velocity.runtime.resource.loader.ClasspathResourceLoader
2020-11-29 19:05:31,502 - ClasspathResourceLoader : initialization starting.
2020-11-29 19:05:31,502 - ClasspathResourceLoader : initialization complete.
2020-11-29 19:05:31,502 - ResourceCache : initialized. (class org.apache.velocity.runtime.resource.ResourceCacheImpl)
2020-11-29 19:05:31,502 - Default ResourceManager initialization complete.
2020-11-29 19:05:31,518 - Loaded System Directive: org.apache.velocity.runtime.directive.Literal
2020-11-29 19:05:31,518 - Loaded System Directive: org.apache.velocity.runtime.directive.Macro
2020-11-29 19:05:31,518 - Loaded System Directive: org.apache.velocity.runtime.directive.Parse
2020-11-29 19:05:31,518 - Loaded System Directive: org.apache.velocity.runtime.directive.Include
2020-11-29 19:05:31,533 - Loaded System Directive: org.apache.velocity.runtime.directive.Foreach
2020-11-29 19:05:31,565 - Created: 20 parsers.
2020-11-29 19:05:31,580 - Velocimacro : initialization starting.
2020-11-29 19:05:31,580 - Velocimacro : adding VMs from VM library template : VM_global_library.vm
2020-11-29 19:05:31,587 - ResourceManager : unable to find resource 'VM_global_library.vm' in any resource loader.
2020-11-29 19:05:31,587 - Velocimacro : error using  VM library template VM_global_library.vm : org.apache.velocity.exception.ResourceNotFoundException: Unable to find resource 'VM_global_library.vm'
2020-11-29 19:05:31,587 - Velocimacro :  VM library template macro registration complete.
2020-11-29 19:05:31,587 - Velocimacro : allowInline = true : VMs can be defined inline in templates
2020-11-29 19:05:31,587 - Velocimacro : allowInlineToOverride = false : VMs defined inline may NOT replace previous VM definitions
2020-11-29 19:05:31,587 - Velocimacro : allowInlineLocal = false : VMs defined inline will be  global in scope if allowed.
2020-11-29 19:05:31,587 - Velocimacro : messages on  : VM system will output logging messages
2020-11-29 19:05:31,587 - Velocimacro : autoload off  : VM system will not automatically reload global library macros
2020-11-29 19:05:31,587 - Velocimacro : initialization complete.
2020-11-29 19:05:31,587 - Velocity successfully started.
2020-11-30 09:20:09,439 - SimpleLog4JLogSystem initialized using logfile 'velocity.log'
2020-11-30 09:20:09,439 - ************************************************************** 
2020-11-30 09:20:09,439 - Starting Jakarta Velocity v1.4
2020-11-30 09:20:09,439 - RuntimeInstance initializing.
2020-11-30 09:20:09,439 - Default Properties File: org\apache\velocity\runtime\defaults\velocity.properties
2020-11-30 09:20:09,439 - Trying to use logger class org.apache.velocity.runtime.log.SimpleLog4JLogSystem
2020-11-30 09:20:09,439 - Using logger class org.apache.velocity.runtime.log.SimpleLog4JLogSystem
2020-11-30 09:20:09,446 - Default ResourceManager initializing. (class org.apache.velocity.runtime.resource.ResourceManagerImpl)
2020-11-30 09:20:09,446 - Resource Loader Instantiated: org.apache.velocity.runtime.resource.loader.ClasspathResourceLoader
2020-11-30 09:20:09,446 - ClasspathResourceLoader : initialization starting.
2020-11-30 09:20:09,446 - ClasspathResourceLoader : initialization complete.
2020-11-30 09:20:09,458 - ResourceCache : initialized. (class org.apache.velocity.runtime.resource.ResourceCacheImpl)
2020-11-30 09:20:09,458 - Default ResourceManager initialization complete.
2020-11-30 09:20:09,462 - Loaded System Directive: org.apache.velocity.runtime.directive.Literal
2020-11-30 09:20:09,462 - Loaded System Directive: org.apache.velocity.runtime.directive.Macro
2020-11-30 09:20:09,470 - Loaded System Directive: org.apache.velocity.runtime.directive.Parse
2020-11-30 09:20:09,470 - Loaded System Directive: org.apache.velocity.runtime.directive.Include
2020-11-30 09:20:09,470 - Loaded System Directive: org.apache.velocity.runtime.directive.Foreach
2020-11-30 09:20:09,500 - Created: 20 parsers.
2020-11-30 09:20:09,515 - Velocimacro : initialization starting.
2020-11-30 09:20:09,515 - Velocimacro : adding VMs from VM library template : VM_global_library.vm
2020-11-30 09:20:09,531 - ResourceManager : unable to find resource 'VM_global_library.vm' in any resource loader.
2020-11-30 09:20:09,531 - Velocimacro : error using  VM library template VM_global_library.vm : org.apache.velocity.exception.ResourceNotFoundException: Unable to find resource 'VM_global_library.vm'
2020-11-30 09:20:09,531 - Velocimacro :  VM library template macro registration complete.
2020-11-30 09:20:09,531 - Velocimacro : allowInline = true : VMs can be defined inline in templates
2020-11-30 09:20:09,531 - Velocimacro : allowInlineToOverride = false : VMs defined inline may NOT replace previous VM definitions
2020-11-30 09:20:09,531 - Velocimacro : allowInlineLocal = false : VMs defined inline will be  global in scope if allowed.
2020-11-30 09:20:09,531 - Velocimacro : messages on  : VM system will output logging messages
2020-11-30 09:20:09,531 - Velocimacro : autoload off  : VM system will not automatically reload global library macros
2020-11-30 09:20:09,531 - Velocimacro : initialization complete.
2020-11-30 09:20:09,531 - Velocity successfully started.
2020-11-30 09:22:19,179 - SimpleLog4JLogSystem initialized using logfile 'velocity.log'
2020-11-30 09:22:19,179 - ************************************************************** 
2020-11-30 09:22:19,179 - Starting Jakarta Velocity v1.4
2020-11-30 09:22:19,179 - RuntimeInstance initializing.
2020-11-30 09:22:19,179 - Default Properties File: org\apache\velocity\runtime\defaults\velocity.properties
2020-11-30 09:22:19,179 - Trying to use logger class org.apache.velocity.runtime.log.SimpleLog4JLogSystem
2020-11-30 09:22:19,179 - Using logger class org.apache.velocity.runtime.log.SimpleLog4JLogSystem
2020-11-30 09:22:19,182 - Default ResourceManager initializing. (class org.apache.velocity.runtime.resource.ResourceManagerImpl)
2020-11-30 09:22:19,198 - Resource Loader Instantiated: org.apache.velocity.runtime.resource.loader.ClasspathResourceLoader
2020-11-30 09:22:19,198 - ClasspathResourceLoader : initialization starting.
2020-11-30 09:22:19,198 - ClasspathResourceLoader : initialization complete.
2020-11-30 09:22:19,198 - ResourceCache : initialized. (class org.apache.velocity.runtime.resource.ResourceCacheImpl)
2020-11-30 09:22:19,198 - Default ResourceManager initialization complete.
2020-11-30 09:22:19,214 - Loaded System Directive: org.apache.velocity.runtime.directive.Literal
2020-11-30 09:22:19,214 - Loaded System Directive: org.apache.velocity.runtime.directive.Macro
2020-11-30 09:22:19,230 - Loaded System Directive: org.apache.velocity.runtime.directive.Parse
2020-11-30 09:22:19,233 - Loaded System Directive: org.apache.velocity.runtime.directive.Include
2020-11-30 09:22:19,233 - Loaded System Directive: org.apache.velocity.runtime.directive.Foreach
2020-11-30 09:22:19,281 - Created: 20 parsers.
2020-11-30 09:22:19,297 - Velocimacro : initialization starting.
2020-11-30 09:22:19,297 - Velocimacro : adding VMs from VM library template : VM_global_library.vm
2020-11-30 09:22:19,297 - ResourceManager : unable to find resource 'VM_global_library.vm' in any resource loader.
2020-11-30 09:22:19,297 - Velocimacro : error using  VM library template VM_global_library.vm : org.apache.velocity.exception.ResourceNotFoundException: Unable to find resource 'VM_global_library.vm'
2020-11-30 09:22:19,297 - Velocimacro :  VM library template macro registration complete.
2020-11-30 09:22:19,297 - Velocimacro : allowInline = true : VMs can be defined inline in templates
2020-11-30 09:22:19,297 - Velocimacro : allowInlineToOverride = false : VMs defined inline may NOT replace previous VM definitions
2020-11-30 09:22:19,297 - Velocimacro : allowInlineLocal = false : VMs defined inline will be  global in scope if allowed.
2020-11-30 09:22:19,297 - Velocimacro : messages on  : VM system will output logging messages
2020-11-30 09:22:19,297 - Velocimacro : autoload off  : VM system will not automatically reload global library macros
2020-11-30 09:22:19,297 - Velocimacro : initialization complete.
2020-11-30 09:22:19,297 - Velocity successfully started.
